#
# There is insufficient memory for the Java Runtime Environment to continue.
# Native memory allocation (malloc) failed to allocate 1048576 bytes for AllocateHeap
# Possible reasons:
#   The system is out of physical RAM or swap space
#   The process is running with CompressedOops enabled, and the Java Heap may be blocking the growth of the native heap
# Possible solutions:
#   Reduce memory load on the system
#   Increase physical memory or swap space
#   Check if swap backing store is full
#   Decrease Java heap size (-Xmx/-Xms)
#   Decrease number of Java threads
#   Decrease Java thread stack sizes (-Xss)
#   Set larger code cache with -XX:ReservedCodeCacheSize=
#   JVM is running with Unscaled Compressed Oops mode in which the Java heap is
#     placed in the first 4GB address space. The Java Heap base address is the
#     maximum limit for the native heap growth. Please use -XX:HeapBaseMinAddress
#     to set the Java Heap base and to place the Java Heap above 4GB virtual address.
# This output file may be truncated or incomplete.
#
#  Out of Memory Error (allocation.cpp:44), pid=19760, tid=23772
#
# JRE version:  (17.0.7+7) (build )
# Java VM: OpenJDK 64-Bit Server VM (17.0.7+7, mixed mode, sharing, tiered, compressed oops, compressed class ptrs, g1 gc, windows-amd64)
# No core dump will be written. Minidumps are not enabled by default on client versions of Windows
#

---------------  S U M M A R Y ------------

Command Line: -Dfile.encoding=UTF-8 --module-path=C:\Users\cabre\eclipse-workspace\ELearning\bin;C:\Users\cabre\Downloads\miglayout-4.0.jar;C:\Users\cabre\Downloads\TimingFramework-0.55.jar -XX:+ShowCodeDetailsInExceptionMessages -Djdk.module.main=ELearning ELearning/app.Main

Host: Intel(R) Core(TM) i5-6200U CPU @ 2.30GHz, 4 cores, 7G,  Windows 10 , 64 bit Build 19041 (10.0.19041.2913)
Time: Wed Jun 14 15:11:58 2023 Malay Peninsula Standard Time elapsed time: 0.045806 seconds (0d 0h 0m 0s)

---------------  T H R E A D  ---------------

Current thread (0x000001b9b06b7bd0):  JavaThread "Unknown thread" [_thread_in_vm, id=23772, stack(0x000000486a900000,0x000000486aa00000)]

Stack: [0x000000486a900000,0x000000486aa00000]
Native frames: (J=compiled Java code, j=interpreted, Vv=VM code, C=native code)
V  [jvm.dll+0x67754a]
V  [jvm.dll+0x834304]
V  [jvm.dll+0x835aae]
V  [jvm.dll+0x836113]
V  [jvm.dll+0x24696f]
V  [jvm.dll+0xa681f]
V  [jvm.dll+0x2e6137]
V  [jvm.dll+0x2ddf8b]
V  [jvm.dll+0x8066d1]
V  [jvm.dll+0x36ac91]
V  [jvm.dll+0x7e5cec]
V  [jvm.dll+0x3ed56f]
V  [jvm.dll+0x3ef0a1]
C  [jli.dll+0x528b]
C  [ucrtbase.dll+0x21bb2]
C  [KERNEL32.DLL+0x17614]
C  [ntdll.dll+0x526a1]


---------------  P R O C E S S  ---------------

Threads class SMR info:
_java_thread_list=0x00007ffac8737018, length=0, elements={
}

Java Threads: ( => current thread )

Other Threads:
  0x000001b9b0710d30 GCTaskThread "GC Thread#0" [stack: 0x000000486aa00000,0x000000486ab00000] [id=23512]

[error occurred during error reporting (printing all threads), id 0xc0000005, EXCEPTION_ACCESS_VIOLATION (0xc0000005) at pc=0x00007ffac7f0b0c0]

VM state: not at safepoint (not fully initialized)

VM Mutex/Monitor currently owned by a thread:  ([mutex/lock_event])
[0x000001b9b06b12a0] Heap_lock - owner thread: 0x000001b9b06b7bd0

Heap address: 0x0000000082200000, size: 2014 MB, Compressed Oops mode: 32-bit

CDS archive(s) mapped at: [0x0000000000000000-0x0000000000000000-0x0000000000000000), size 0, SharedBaseAddress: 0x0000000800000000, ArchiveRelocationMode: 0.
Narrow klass base: 0x0000000000000000, Narrow klass shift: 0, Narrow klass range: 0x0

GC Precious Log:
<Empty>

Heap:
 garbage-first heap   total 0K, used 0K [0x0000000082200000, 0x0000000100000000)
  region size 1024K, 0 young (0K), 0 survivors (0K)

[error occurred during error reporting (printing heap information), id 0xc0000005, EXCEPTION_ACCESS_VIOLATION (0xc0000005) at pc=0x00007ffac82f0db9]

GC Heap History (0 events):
No events

Dll operation events (1 events):
Event: 0.017 Loaded shared library C:\Users\cabre\.p2\pool\plugins\org.eclipse.justj.openjdk.hotspot.jre.full.win32.x86_64_17.0.7.v20230425-1502\jre\bin\java.dll

Deoptimization events (0 events):
No events

Classes unloaded (0 events):
No events

Classes redefined (0 events):
No events

Internal exceptions (0 events):
No events

VM Operations (0 events):
No events

Events (0 events):
No events


Dynamic libraries:
0x00007ff6b7260000 - 0x00007ff6b726e000 	C:\Users\cabre\.p2\pool\plugins\org.eclipse.justj.openjdk.hotspot.jre.full.win32.x86_64_17.0.7.v20230425-1502\jre\bin\javaw.exe
0x00007ffb39810000 - 0x00007ffb39a08000 	C:\Windows\SYSTEM32\ntdll.dll
0x00007ffb396a0000 - 0x00007ffb3975f000 	C:\Windows\System32\KERNEL32.DLL
0x00007ffb36ef0000 - 0x00007ffb371e6000 	C:\Windows\System32\KERNELBASE.dll
0x00007ffb37740000 - 0x00007ffb37840000 	C:\Windows\System32\ucrtbase.dll
0x00007ffb1a440000 - 0x00007ffb1a459000 	C:\Users\cabre\.p2\pool\plugins\org.eclipse.justj.openjdk.hotspot.jre.full.win32.x86_64_17.0.7.v20230425-1502\jre\bin\VCRUNTIME140.dll
0x00007ffb2b780000 - 0x00007ffb2b797000 	C:\Users\cabre\.p2\pool\plugins\org.eclipse.justj.openjdk.hotspot.jre.full.win32.x86_64_17.0.7.v20230425-1502\jre\bin\jli.dll
0x00007ffb39440000 - 0x00007ffb395dd000 	C:\Windows\System32\USER32.dll
0x00007ffb37840000 - 0x00007ffb37862000 	C:\Windows\System32\win32u.dll
0x00007ffb38f70000 - 0x00007ffb38f9c000 	C:\Windows\System32\GDI32.dll
0x00007ffb371f0000 - 0x00007ffb37305000 	C:\Windows\System32\gdi32full.dll
0x00007ffb374a0000 - 0x00007ffb3753d000 	C:\Windows\System32\msvcp_win.dll
0x00007ffb17070000 - 0x00007ffb1730a000 	C:\Windows\WinSxS\amd64_microsoft.windows.common-controls_6595b64144ccf1df_6.0.19041.1110_none_60b5254171f9507e\COMCTL32.dll
0x00007ffb38ed0000 - 0x00007ffb38f6e000 	C:\Windows\System32\msvcrt.dll
0x00007ffb38d30000 - 0x00007ffb38d60000 	C:\Windows\System32\IMM32.DLL
0x00007ffb31b00000 - 0x00007ffb31b0c000 	C:\Users\cabre\.p2\pool\plugins\org.eclipse.justj.openjdk.hotspot.jre.full.win32.x86_64_17.0.7.v20230425-1502\jre\bin\vcruntime140_1.dll
0x00007ffb0b0a0000 - 0x00007ffb0b131000 	C:\Users\cabre\.p2\pool\plugins\org.eclipse.justj.openjdk.hotspot.jre.full.win32.x86_64_17.0.7.v20230425-1502\jre\bin\msvcp140.dll
0x00007ffac7c20000 - 0x00007ffac8868000 	C:\Users\cabre\.p2\pool\plugins\org.eclipse.justj.openjdk.hotspot.jre.full.win32.x86_64_17.0.7.v20230425-1502\jre\bin\server\jvm.dll
0x00007ffb39260000 - 0x00007ffb3930f000 	C:\Windows\System32\ADVAPI32.dll
0x00007ffb38dc0000 - 0x00007ffb38e5c000 	C:\Windows\System32\sechost.dll
0x00007ffb39130000 - 0x00007ffb39256000 	C:\Windows\System32\RPCRT4.dll
0x00007ffb203d0000 - 0x00007ffb203d9000 	C:\Windows\SYSTEM32\WSOCK32.dll
0x00007ffb38e60000 - 0x00007ffb38ecb000 	C:\Windows\System32\WS2_32.dll
0x00007ffb20b20000 - 0x00007ffb20b47000 	C:\Windows\SYSTEM32\WINMM.dll
0x00007ffb314b0000 - 0x00007ffb314ba000 	C:\Windows\SYSTEM32\VERSION.dll
0x00007ffb34db0000 - 0x00007ffb34dc2000 	C:\Windows\SYSTEM32\kernel.appcore.dll
0x00007ffb31a40000 - 0x00007ffb31a4a000 	C:\Users\cabre\.p2\pool\plugins\org.eclipse.justj.openjdk.hotspot.jre.full.win32.x86_64_17.0.7.v20230425-1502\jre\bin\jimage.dll
0x00007ffb29b90000 - 0x00007ffb29d74000 	C:\Windows\SYSTEM32\DBGHELP.DLL
0x00007ffb29b30000 - 0x00007ffb29b64000 	C:\Windows\SYSTEM32\dbgcore.DLL
0x00007ffb375f0000 - 0x00007ffb37672000 	C:\Windows\System32\bcryptPrimitives.dll
0x00007ffb31a10000 - 0x00007ffb31a35000 	C:\Users\cabre\.p2\pool\plugins\org.eclipse.justj.openjdk.hotspot.jre.full.win32.x86_64_17.0.7.v20230425-1502\jre\bin\java.dll

dbghelp: loaded successfully - version: 4.0.5 - missing functions: none
symbol engine: initialized successfully - sym options: 0x614 - pdb path: .;C:\Users\cabre\.p2\pool\plugins\org.eclipse.justj.openjdk.hotspot.jre.full.win32.x86_64_17.0.7.v20230425-1502\jre\bin;C:\Windows\SYSTEM32;C:\Windows\WinSxS\amd64_microsoft.windows.common-controls_6595b64144ccf1df_6.0.19041.1110_none_60b5254171f9507e;C:\Users\cabre\.p2\pool\plugins\org.eclipse.justj.openjdk.hotspot.jre.full.win32.x86_64_17.0.7.v20230425-1502\jre\bin\server

VM Arguments:
jvm_args: -Dfile.encoding=UTF-8 --module-path=C:\Users\cabre\eclipse-workspace\ELearning\bin;C:\Users\cabre\Downloads\miglayout-4.0.jar;C:\Users\cabre\Downloads\TimingFramework-0.55.jar -XX:+ShowCodeDetailsInExceptionMessages -Djdk.module.main=ELearning 
java_command: ELearning/app.Main
java_class_path (initial): <not set>
Launcher Type: SUN_STANDARD

[Global flags]
     intx CICompilerCount                          = 3                                         {product} {ergonomic}
     uint ConcGCThreads                            = 1                                         {product} {ergonomic}
     uint G1ConcRefinementThreads                  = 4                                         {product} {ergonomic}
   size_t G1HeapRegionSize                         = 1048576                                   {product} {ergonomic}
    uintx GCDrainStackTargetSize                   = 64                                        {product} {ergonomic}
   size_t InitialHeapSize                          = 132120576                                 {product} {ergonomic}
   size_t MarkStackSize                            = 4194304                                   {product} {ergonomic}
   size_t MaxHeapSize                              = 2111832064                                {product} {ergonomic}
   size_t MinHeapDeltaBytes                        = 1048576                                   {product} {ergonomic}
   size_t MinHeapSize                              = 8388608                                   {product} {ergonomic}
    uintx NonNMethodCodeHeapSize                   = 5832780                                {pd product} {ergonomic}
    uintx NonProfiledCodeHeapSize                  = 122912730                              {pd product} {ergonomic}
    uintx ProfiledCodeHeapSize                     = 122912730                              {pd product} {ergonomic}
    uintx ReservedCodeCacheSize                    = 251658240                              {pd product} {ergonomic}
     bool SegmentedCodeCache                       = true                                      {product} {ergonomic}
     bool ShowCodeDetailsInExceptionMessages       = true                                   {manageable} {command line}
   size_t SoftMaxHeapSize                          = 2111832064                             {manageable} {ergonomic}
     bool UseCompressedClassPointers               = true                           {product lp64_product} {ergonomic}
     bool UseCompressedOops                        = true                           {product lp64_product} {ergonomic}
     bool UseG1GC                                  = true                                      {product} {ergonomic}
     bool UseLargePagesIndividualAllocation        = false                                  {pd product} {ergonomic}

Logging:
Log output configuration:
 #0: stdout all=warning uptime,level,tags
 #1: stderr all=off uptime,level,tags

Environment Variables:
PATH=C:/Users/cabre/.p2/pool/plugins/org.eclipse.justj.openjdk.hotspot.jre.full.win32.x86_64_17.0.7.v20230425-1502/jre/bin/server;C:/Users/cabre/.p2/pool/plugins/org.eclipse.justj.openjdk.hotspot.jre.full.win32.x86_64_17.0.7.v20230425-1502/jre/bin;C:\Windows\system32;C:\Windows;C:\Windows\System32\Wbem;C:\Windows\System32\WindowsPowerShell\v1.0\;C:\Windows\System32\OpenSSH\;C:\php-8.2.6;C:\Users\cabre\AppData\Local\Microsoft\WindowsApps;;C:\Users\cabre\AppData\Local\Programs\Microsoft VS Code\bin;C:\Users\cabre\eclipse\java-2023-03\eclipse;
USERNAME=cabre
OS=Windows_NT
PROCESSOR_IDENTIFIER=Intel64 Family 6 Model 78 Stepping 3, GenuineIntel
TMP=C:\Users\cabre\AppData\Local\Temp
TEMP=C:\Users\cabre\AppData\Local\Temp



---------------  S Y S T E M  ---------------

OS:
 Windows 10 , 64 bit Build 19041 (10.0.19041.2913)
OS uptime: 1 days 5:15 hours

CPU: total 4 (initial active 4) (2 cores per cpu, 2 threads per core) family 6 model 78 stepping 3 microcode 0xcc, cx8, cmov, fxsr, ht, mmx, 3dnowpref, sse, sse2, sse3, ssse3, sse4.1, sse4.2, popcnt, lzcnt, tsc, tscinvbit, avx, avx2, aes, erms, clmul, bmi1, bmi2, adx, fma, vzeroupper, clflush, clflushopt

Memory: 4k page, system-wide physical 8052M (1012M free)
TotalPageFile size 32628M (AvailPageFile size 6M)
current process WorkingSet (physical memory assigned to process): 10M, peak: 10M
current process commit charge ("private bytes"): 49M, peak: 50M

vm_info: OpenJDK 64-Bit Server VM (17.0.7+7) for windows-amd64 JRE (17.0.7+7), built on Apr 18 2023 22:10:42 by "temurin" with MS VC++ 16.7 (VS2019)

END.
