#
# There is insufficient memory for the Java Runtime Environment to continue.
# Native memory allocation (mmap) failed to map 132120576 bytes for G1 virtual space
# Possible reasons:
#   The system is out of physical RAM or swap space
#   The process is running with CompressedOops enabled, and the Java Heap may be blocking the growth of the native heap
# Possible solutions:
#   Reduce memory load on the system
#   Increase physical memory or swap space
#   Check if swap backing store is full
#   Decrease Java heap size (-Xmx/-Xms)
#   Decrease number of Java threads
#   Decrease Java thread stack sizes (-Xss)
#   Set larger code cache with -XX:ReservedCodeCacheSize=
#   JVM is running with Unscaled Compressed Oops mode in which the Java heap is
#     placed in the first 4GB address space. The Java Heap base address is the
#     maximum limit for the native heap growth. Please use -XX:HeapBaseMinAddress
#     to set the Java Heap base and to place the Java Heap above 4GB virtual address.
# This output file may be truncated or incomplete.
#
#  Out of Memory Error (os_windows.cpp:3559), pid=23628, tid=24644
#
# JRE version:  (17.0.7+7) (build )
# Java VM: OpenJDK 64-Bit Server VM (17.0.7+7, mixed mode, sharing, tiered, compressed oops, compressed class ptrs, g1 gc, windows-amd64)
# No core dump will be written. Minidumps are not enabled by default on client versions of Windows
#

---------------  S U M M A R Y ------------

Command Line: -Dfile.encoding=UTF-8 --module-path=C:\Users\cabre\eclipse-workspace\ELearning\bin;C:\Users\cabre\Downloads\miglayout-4.0.jar;C:\Users\cabre\Downloads\TimingFramework-0.55.jar -XX:+ShowCodeDetailsInExceptionMessages -Djdk.module.main=ELearning ELearning/com.kinaiya.main.Main

Host: Intel(R) Core(TM) i5-6200U CPU @ 2.30GHz, 4 cores, 7G,  Windows 10 , 64 bit Build 19041 (10.0.19041.3155)
Time: Mon Jul 17 02:23:36 2023 Malay Peninsula Standard Time elapsed time: 0.019313 seconds (0d 0h 0m 0s)

---------------  T H R E A D  ---------------

Current thread (0x00000186aed59b50):  JavaThread "Unknown thread" [_thread_in_vm, id=24644, stack(0x0000002422900000,0x0000002422a00000)]

Stack: [0x0000002422900000,0x0000002422a00000]
Native frames: (J=compiled Java code, j=interpreted, Vv=VM code, C=native code)
V  [jvm.dll+0x67754a]
V  [jvm.dll+0x834304]
V  [jvm.dll+0x835aae]
V  [jvm.dll+0x836113]
V  [jvm.dll+0x24696f]
V  [jvm.dll+0x6743f9]
V  [jvm.dll+0x668c8a]
V  [jvm.dll+0x3061bb]
V  [jvm.dll+0x30d6a6]
V  [jvm.dll+0x35cece]
V  [jvm.dll+0x35d0ff]
V  [jvm.dll+0x2dd048]
V  [jvm.dll+0x2ddfb4]
V  [jvm.dll+0x8066d1]
V  [jvm.dll+0x36ac91]
V  [jvm.dll+0x7e5cec]
V  [jvm.dll+0x3ed56f]
V  [jvm.dll+0x3ef0a1]
C  [jli.dll+0x528b]
C  [ucrtbase.dll+0x21bb2]
C  [KERNEL32.DLL+0x17614]
C  [ntdll.dll+0x526b1]


---------------  P R O C E S S  ---------------

Threads class SMR info:
_java_thread_list=0x00007ffbf6d07018, length=0, elements={
}

Java Threads: ( => current thread )

Other Threads:
  0x00000186aedb3f90 GCTaskThread "GC Thread#0" [stack: 0x0000002422a00000,0x0000002422b00000] [id=4640]
  0x00000186aedc5230 ConcurrentGCThread "G1 Main Marker" [stack: 0x0000002422b00000,0x0000002422c00000] [id=21052]
  0x00000186aedc5c40 ConcurrentGCThread "G1 Conc#0" [stack: 0x0000002422c00000,0x0000002422d00000] [id=24964]

[error occurred during error reporting (printing all threads), id 0xc0000005, EXCEPTION_ACCESS_VIOLATION (0xc0000005) at pc=0x00007ffbf64ddaf7]

VM state: not at safepoint (not fully initialized)

VM Mutex/Monitor currently owned by a thread:  ([mutex/lock_event])
[0x00000186aed55130] Heap_lock - owner thread: 0x00000186aed59b50

Heap address: 0x0000000082200000, size: 2014 MB, Compressed Oops mode: 32-bit

CDS archive(s) mapped at: [0x0000000000000000-0x0000000000000000-0x0000000000000000), size 0, SharedBaseAddress: 0x0000000800000000, ArchiveRelocationMode: 0.
Narrow klass base: 0x0000000000000000, Narrow klass shift: 0, Narrow klass range: 0x0

GC Precious Log:
<Empty>

Heap:
 garbage-first heap   total 0K, used 0K [0x0000000082200000, 0x0000000100000000)
  region size 1024K, 0 young (0K), 0 survivors (0K)

[error occurred during error reporting (printing heap information), id 0xc0000005, EXCEPTION_ACCESS_VIOLATION (0xc0000005) at pc=0x00007ffbf68c0db9]

GC Heap History (0 events):
No events

Dll operation events (1 events):
Event: 0.012 Loaded shared library C:\Users\cabre\.p2\pool\plugins\org.eclipse.justj.openjdk.hotspot.jre.full.win32.x86_64_17.0.7.v20230425-1502\jre\bin\java.dll

Deoptimization events (0 events):
No events

Classes unloaded (0 events):
No events

Classes redefined (0 events):
No events

Internal exceptions (0 events):
No events

VM Operations (0 events):
No events

Events (0 events):
No events


Dynamic libraries:
0x00007ff733370000 - 0x00007ff73337e000 	C:\Users\cabre\.p2\pool\plugins\org.eclipse.justj.openjdk.hotspot.jre.full.win32.x86_64_17.0.7.v20230425-1502\jre\bin\javaw.exe
0x00007ffc31f10000 - 0x00007ffc32108000 	C:\Windows\SYSTEM32\ntdll.dll
0x00007ffc31ab0000 - 0x00007ffc31b6f000 	C:\Windows\System32\KERNEL32.DLL
0x00007ffc2f920000 - 0x00007ffc2fc16000 	C:\Windows\System32\KERNELBASE.dll
0x00007ffc2f820000 - 0x00007ffc2f920000 	C:\Windows\System32\ucrtbase.dll
0x00007ffc1f720000 - 0x00007ffc1f739000 	C:\Users\cabre\.p2\pool\plugins\org.eclipse.justj.openjdk.hotspot.jre.full.win32.x86_64_17.0.7.v20230425-1502\jre\bin\VCRUNTIME140.dll
0x00007ffc1fc20000 - 0x00007ffc1fc37000 	C:\Users\cabre\.p2\pool\plugins\org.eclipse.justj.openjdk.hotspot.jre.full.win32.x86_64_17.0.7.v20230425-1502\jre\bin\jli.dll
0x00007ffc30330000 - 0x00007ffc304cd000 	C:\Windows\System32\USER32.dll
0x00007ffc0b660000 - 0x00007ffc0b8fa000 	C:\Windows\WinSxS\amd64_microsoft.windows.common-controls_6595b64144ccf1df_6.0.19041.1110_none_60b5254171f9507e\COMCTL32.dll
0x00007ffc2f7f0000 - 0x00007ffc2f812000 	C:\Windows\System32\win32u.dll
0x00007ffc301e0000 - 0x00007ffc3020c000 	C:\Windows\System32\GDI32.dll
0x00007ffc31e30000 - 0x00007ffc31ece000 	C:\Windows\System32\msvcrt.dll
0x00007ffc2f640000 - 0x00007ffc2f755000 	C:\Windows\System32\gdi32full.dll
0x00007ffc2fed0000 - 0x00007ffc2ff6d000 	C:\Windows\System32\msvcp_win.dll
0x00007ffc319d0000 - 0x00007ffc31a00000 	C:\Windows\System32\IMM32.DLL
0x00007ffc22080000 - 0x00007ffc2208c000 	C:\Users\cabre\.p2\pool\plugins\org.eclipse.justj.openjdk.hotspot.jre.full.win32.x86_64_17.0.7.v20230425-1502\jre\bin\vcruntime140_1.dll
0x00007ffc17450000 - 0x00007ffc174e1000 	C:\Users\cabre\.p2\pool\plugins\org.eclipse.justj.openjdk.hotspot.jre.full.win32.x86_64_17.0.7.v20230425-1502\jre\bin\msvcp140.dll
0x00007ffbf61f0000 - 0x00007ffbf6e38000 	C:\Users\cabre\.p2\pool\plugins\org.eclipse.justj.openjdk.hotspot.jre.full.win32.x86_64_17.0.7.v20230425-1502\jre\bin\server\jvm.dll
0x00007ffc31b70000 - 0x00007ffc31c1f000 	C:\Windows\System32\ADVAPI32.dll
0x00007ffc30210000 - 0x00007ffc302ac000 	C:\Windows\System32\sechost.dll
0x00007ffc304d0000 - 0x00007ffc305f6000 	C:\Windows\System32\RPCRT4.dll
0x00007ffc220c0000 - 0x00007ffc220e7000 	C:\Windows\SYSTEM32\WINMM.dll
0x00007ffc1fe10000 - 0x00007ffc1fe19000 	C:\Windows\SYSTEM32\WSOCK32.dll
0x00007ffc2af00000 - 0x00007ffc2af0a000 	C:\Windows\SYSTEM32\VERSION.dll
0x00007ffc31330000 - 0x00007ffc3139b000 	C:\Windows\System32\WS2_32.dll
0x00007ffc2d3c0000 - 0x00007ffc2d3d2000 	C:\Windows\SYSTEM32\kernel.appcore.dll
0x00007ffc2a870000 - 0x00007ffc2a87a000 	C:\Users\cabre\.p2\pool\plugins\org.eclipse.justj.openjdk.hotspot.jre.full.win32.x86_64_17.0.7.v20230425-1502\jre\bin\jimage.dll
0x00007ffc27f40000 - 0x00007ffc28124000 	C:\Windows\SYSTEM32\DBGHELP.DLL
0x00007ffc27650000 - 0x00007ffc27684000 	C:\Windows\SYSTEM32\dbgcore.DLL
0x00007ffc2f760000 - 0x00007ffc2f7e2000 	C:\Windows\System32\bcryptPrimitives.dll
0x00007ffc202a0000 - 0x00007ffc202c5000 	C:\Users\cabre\.p2\pool\plugins\org.eclipse.justj.openjdk.hotspot.jre.full.win32.x86_64_17.0.7.v20230425-1502\jre\bin\java.dll

dbghelp: loaded successfully - version: 4.0.5 - missing functions: none
symbol engine: initialized successfully - sym options: 0x614 - pdb path: .;C:\Users\cabre\.p2\pool\plugins\org.eclipse.justj.openjdk.hotspot.jre.full.win32.x86_64_17.0.7.v20230425-1502\jre\bin;C:\Windows\SYSTEM32;C:\Windows\WinSxS\amd64_microsoft.windows.common-controls_6595b64144ccf1df_6.0.19041.1110_none_60b5254171f9507e;C:\Users\cabre\.p2\pool\plugins\org.eclipse.justj.openjdk.hotspot.jre.full.win32.x86_64_17.0.7.v20230425-1502\jre\bin\server

VM Arguments:
jvm_args: -Dfile.encoding=UTF-8 --module-path=C:\Users\cabre\eclipse-workspace\ELearning\bin;C:\Users\cabre\Downloads\miglayout-4.0.jar;C:\Users\cabre\Downloads\TimingFramework-0.55.jar -XX:+ShowCodeDetailsInExceptionMessages -Djdk.module.main=ELearning 
java_command: ELearning/com.kinaiya.main.Main
java_class_path (initial): <not set>
Launcher Type: SUN_STANDARD

[Global flags]
     intx CICompilerCount                          = 3                                         {product} {ergonomic}
     uint ConcGCThreads                            = 1                                         {product} {ergonomic}
     uint G1ConcRefinementThreads                  = 4                                         {product} {ergonomic}
   size_t G1HeapRegionSize                         = 1048576                                   {product} {ergonomic}
    uintx GCDrainStackTargetSize                   = 64                                        {product} {ergonomic}
   size_t InitialHeapSize                          = 132120576                                 {product} {ergonomic}
   size_t MarkStackSize                            = 4194304                                   {product} {ergonomic}
   size_t MaxHeapSize                              = 2111832064                                {product} {ergonomic}
   size_t MinHeapDeltaBytes                        = 1048576                                   {product} {ergonomic}
   size_t MinHeapSize                              = 8388608                                   {product} {ergonomic}
    uintx NonNMethodCodeHeapSize                   = 5832780                                {pd product} {ergonomic}
    uintx NonProfiledCodeHeapSize                  = 122912730                              {pd product} {ergonomic}
    uintx ProfiledCodeHeapSize                     = 122912730                              {pd product} {ergonomic}
    uintx ReservedCodeCacheSize                    = 251658240                              {pd product} {ergonomic}
     bool SegmentedCodeCache                       = true                                      {product} {ergonomic}
     bool ShowCodeDetailsInExceptionMessages       = true                                   {manageable} {command line}
   size_t SoftMaxHeapSize                          = 2111832064                             {manageable} {ergonomic}
     bool UseCompressedClassPointers               = true                           {product lp64_product} {ergonomic}
     bool UseCompressedOops                        = true                           {product lp64_product} {ergonomic}
     bool UseG1GC                                  = true                                      {product} {ergonomic}
     bool UseLargePagesIndividualAllocation        = false                                  {pd product} {ergonomic}

Logging:
Log output configuration:
 #0: stdout all=warning uptime,level,tags
 #1: stderr all=off uptime,level,tags

Environment Variables:
PATH=C:/Users/cabre/.p2/pool/plugins/org.eclipse.justj.openjdk.hotspot.jre.full.win32.x86_64_17.0.7.v20230425-1502/jre/bin/server;C:/Users/cabre/.p2/pool/plugins/org.eclipse.justj.openjdk.hotspot.jre.full.win32.x86_64_17.0.7.v20230425-1502/jre/bin;C:\Windows\system32;C:\Windows;C:\Windows\System32\Wbem;C:\Windows\System32\WindowsPowerShell\v1.0\;C:\Windows\System32\OpenSSH\;C:\php-8.2.6;C:\Users\cabre\AppData\Local\Microsoft\WindowsApps;;C:\Users\cabre\AppData\Local\Programs\Microsoft VS Code\bin;C:\Users\cabre\eclipse\java-2023-03\eclipse;
USERNAME=cabre
OS=Windows_NT
PROCESSOR_IDENTIFIER=Intel64 Family 6 Model 78 Stepping 3, GenuineIntel
TMP=C:\Users\cabre\AppData\Local\Temp
TEMP=C:\Users\cabre\AppData\Local\Temp



---------------  S Y S T E M  ---------------

OS:
 Windows 10 , 64 bit Build 19041 (10.0.19041.3155)
OS uptime: 3 days 5:23 hours

CPU: total 4 (initial active 4) (2 cores per cpu, 2 threads per core) family 6 model 78 stepping 3 microcode 0xcc, cx8, cmov, fxsr, ht, mmx, 3dnowpref, sse, sse2, sse3, ssse3, sse4.1, sse4.2, popcnt, lzcnt, tsc, tscinvbit, avx, avx2, aes, erms, clmul, bmi1, bmi2, adx, fma, vzeroupper, clflush, clflushopt

Memory: 4k page, system-wide physical 8052M (291M free)
TotalPageFile size 32615M (AvailPageFile size 41M)
current process WorkingSet (physical memory assigned to process): 10M, peak: 10M
current process commit charge ("private bytes"): 51M, peak: 177M

vm_info: OpenJDK 64-Bit Server VM (17.0.7+7) for windows-amd64 JRE (17.0.7+7), built on Apr 18 2023 22:10:42 by "temurin" with MS VC++ 16.7 (VS2019)

END.
