#
# There is insufficient memory for the Java Runtime Environment to continue.
# Native memory allocation (malloc) failed to allocate 1067456 bytes for Chunk::new
# Possible reasons:
#   The system is out of physical RAM or swap space
#   The process is running with CompressedOops enabled, and the Java Heap may be blocking the growth of the native heap
# Possible solutions:
#   Reduce memory load on the system
#   Increase physical memory or swap space
#   Check if swap backing store is full
#   Decrease Java heap size (-Xmx/-Xms)
#   Decrease number of Java threads
#   Decrease Java thread stack sizes (-Xss)
#   Set larger code cache with -XX:ReservedCodeCacheSize=
#   JVM is running with Unscaled Compressed Oops mode in which the Java heap is
#     placed in the first 4GB address space. The Java Heap base address is the
#     maximum limit for the native heap growth. Please use -XX:HeapBaseMinAddress
#     to set the Java Heap base and to place the Java Heap above 4GB virtual address.
# This output file may be truncated or incomplete.
#
#  Out of Memory Error (arena.cpp:189), pid=19520, tid=24600
#
# JRE version: OpenJDK Runtime Environment Temurin-17.0.7+7 (17.0.7+7) (build 17.0.7+7)
# Java VM: OpenJDK 64-Bit Server VM Temurin-17.0.7+7 (17.0.7+7, mixed mode, tiered, compressed oops, compressed class ptrs, g1 gc, windows-amd64)
# No core dump will be written. Minidumps are not enabled by default on client versions of Windows
#

---------------  S U M M A R Y ------------

Command Line: -Dfile.encoding=UTF-8 --module-path=C:\Users\cabre\eclipse-workspace\ELearning\bin;C:\Users\cabre\Downloads\miglayout-4.0.jar;C:\Users\cabre\Downloads\TimingFramework-0.55.jar -XX:+ShowCodeDetailsInExceptionMessages -Djdk.module.main=ELearning ELearning/com.kinaiya.main.Main

Host: Intel(R) Core(TM) i5-6200U CPU @ 2.30GHz, 4 cores, 7G,  Windows 10 , 64 bit Build 19041 (10.0.19041.3155)
Time: Tue Jul 18 00:50:47 2023 Malay Peninsula Standard Time elapsed time: 58.432147 seconds (0d 0h 0m 58s)

---------------  T H R E A D  ---------------

Current thread (0x000001db6069dea0):  JavaThread "C2 CompilerThread0" daemon [_thread_in_native, id=24600, stack(0x0000005d81a00000,0x0000005d81b00000)]


Current CompileTask:
C2:  58432 3061       4       javax.swing.JComponent::repaint (19 bytes)

Stack: [0x0000005d81a00000,0x0000005d81b00000]
Native frames: (J=compiled Java code, j=interpreted, Vv=VM code, C=native code)
V  [jvm.dll+0x67754a]
V  [jvm.dll+0x834304]
V  [jvm.dll+0x835aae]
V  [jvm.dll+0x836113]
V  [jvm.dll+0x24696f]
V  [jvm.dll+0xac0ac]
V  [jvm.dll+0xac67c]
V  [jvm.dll+0x364e37]
V  [jvm.dll+0x1bcc02]
V  [jvm.dll+0x219799]
V  [jvm.dll+0x218a61]
V  [jvm.dll+0x1a4d8d]
V  [jvm.dll+0x2284da]
V  [jvm.dll+0x226615]
V  [jvm.dll+0x7ea90b]
V  [jvm.dll+0x7e4e7a]
V  [jvm.dll+0x676395]
C  [ucrtbase.dll+0x21bb2]
C  [KERNEL32.DLL+0x17614]
C  [ntdll.dll+0x526b1]


---------------  P R O C E S S  ---------------

Threads class SMR info:
_java_thread_list=0x000001db65597c60, length=19, elements={
0x000001db6066e2a0, 0x000001db6066f9f0, 0x000001db6069b2a0, 0x000001db6069bd60,
0x000001db6069c810, 0x000001db6069d1c0, 0x000001db6069dea0, 0x000001db607db350,
0x000001db6081e770, 0x000001db6087f0b0, 0x000001db60abed20, 0x000001db650ffae0,
0x000001db65105e00, 0x000001db60abf1f0, 0x000001db65414830, 0x000001db65416510,
0x000001db65416040, 0x000001db65412b50, 0x000001db654134f0
}

Java Threads: ( => current thread )
  0x000001db6066e2a0 JavaThread "Reference Handler" daemon [_thread_blocked, id=23572, stack(0x0000005d81400000,0x0000005d81500000)]
  0x000001db6066f9f0 JavaThread "Finalizer" daemon [_thread_blocked, id=23992, stack(0x0000005d81500000,0x0000005d81600000)]
  0x000001db6069b2a0 JavaThread "Signal Dispatcher" daemon [_thread_blocked, id=3416, stack(0x0000005d81600000,0x0000005d81700000)]
  0x000001db6069bd60 JavaThread "Attach Listener" daemon [_thread_blocked, id=25436, stack(0x0000005d81700000,0x0000005d81800000)]
  0x000001db6069c810 JavaThread "Service Thread" daemon [_thread_blocked, id=788, stack(0x0000005d81800000,0x0000005d81900000)]
  0x000001db6069d1c0 JavaThread "Monitor Deflation Thread" daemon [_thread_blocked, id=3888, stack(0x0000005d81900000,0x0000005d81a00000)]
=>0x000001db6069dea0 JavaThread "C2 CompilerThread0" daemon [_thread_in_native, id=24600, stack(0x0000005d81a00000,0x0000005d81b00000)]
  0x000001db607db350 JavaThread "C1 CompilerThread0" daemon [_thread_blocked, id=23936, stack(0x0000005d81b00000,0x0000005d81c00000)]
  0x000001db6081e770 JavaThread "Sweeper thread" daemon [_thread_blocked, id=25392, stack(0x0000005d81c00000,0x0000005d81d00000)]
  0x000001db6087f0b0 JavaThread "Common-Cleaner" daemon [_thread_blocked, id=23664, stack(0x0000005d81d00000,0x0000005d81e00000)]
  0x000001db60abed20 JavaThread "Notification Thread" daemon [_thread_blocked, id=25232, stack(0x0000005d81e00000,0x0000005d81f00000)]
  0x000001db650ffae0 JavaThread "Java2D Disposer" daemon [_thread_blocked, id=25756, stack(0x0000005d82000000,0x0000005d82100000)]
  0x000001db65105e00 JavaThread "AWT-Windows" daemon [_thread_in_native, id=25324, stack(0x0000005d82200000,0x0000005d82300000)]
  0x000001db60abf1f0 JavaThread "Image Fetcher 0" daemon [_thread_in_Java, id=23448, stack(0x0000005d82300000,0x0000005d82400000)]
  0x000001db65414830 JavaThread "Image Fetcher 1" daemon [_thread_blocked, id=26208, stack(0x0000005d82400000,0x0000005d82500000)]
  0x000001db65416510 JavaThread "AWT-Shutdown" [_thread_blocked, id=25956, stack(0x0000005d82900000,0x0000005d82a00000)]
  0x000001db65416040 JavaThread "AWT-EventQueue-0" [_thread_blocked, id=25968, stack(0x0000005d82a00000,0x0000005d82b00000)]
  0x000001db65412b50 JavaThread "TimerQueue" daemon [_thread_blocked, id=25964, stack(0x0000005d82b00000,0x0000005d82c00000)]
  0x000001db654134f0 JavaThread "DestroyJavaVM" [_thread_blocked, id=25308, stack(0x0000005d80d00000,0x0000005d80e00000)]

Other Threads:
  0x000001db60657e00 VMThread "VM Thread" [stack: 0x0000005d81300000,0x0000005d81400000] [id=25120]
  0x000001db60a0c610 WatcherThread [stack: 0x0000005d81f00000,0x0000005d82000000] [id=25864]
  0x000001db47031e30 GCTaskThread "GC Thread#0" [stack: 0x0000005d80e00000,0x0000005d80f00000] [id=22712]
  0x000001db6553b650 GCTaskThread "GC Thread#1" [stack: 0x0000005d82100000,0x0000005d82200000] [id=20400]
  0x000001db654127b0 GCTaskThread "GC Thread#2" [stack: 0x0000005d82500000,0x0000005d82600000] [id=25004]
  0x000001db6545ec10 GCTaskThread "GC Thread#3" [stack: 0x0000005d82600000,0x0000005d82700000] [id=24404]
  0x000001db47042930 ConcurrentGCThread "G1 Main Marker" [stack: 0x0000005d80f00000,0x0000005d81000000] [id=7032]
  0x000001db47043340 ConcurrentGCThread "G1 Conc#0" [stack: 0x0000005d81000000,0x0000005d81100000] [id=15796]
  0x000001db604b0090 ConcurrentGCThread "G1 Refine#0" [stack: 0x0000005d81100000,0x0000005d81200000] [id=23260]
  0x000001db65105ad0 ConcurrentGCThread "G1 Refine#1" [stack: 0x0000005d82700000,0x0000005d82800000] [id=25944]
  0x000001db6562b250 ConcurrentGCThread "G1 Refine#2" [stack: 0x0000005d82800000,0x0000005d82900000] [id=25960]
  0x000001db604b0ab0 ConcurrentGCThread "G1 Service" [stack: 0x0000005d81200000,0x0000005d81300000] [id=25556]

Threads with active compile tasks:
C2 CompilerThread0    58480 3061       4       javax.swing.JComponent::repaint (19 bytes)

VM state: not at safepoint (normal execution)

VM Mutex/Monitor currently owned by a thread: None

Heap address: 0x0000000082200000, size: 2014 MB, Compressed Oops mode: 32-bit

CDS archive(s) not mapped
Compressed class space mapped at: 0x0000000100000000-0x0000000140000000, reserved size: 1073741824
Narrow klass base: 0x0000000000000000, Narrow klass shift: 3, Narrow klass range: 0x140000000

GC Precious Log:
 CPUs: 4 total, 4 available
 Memory: 8052M
 Large Page Support: Disabled
 NUMA Support: Disabled
 Compressed Oops: Enabled (32-bit)
 Heap Region Size: 1M
 Heap Min Capacity: 8M
 Heap Initial Capacity: 126M
 Heap Max Capacity: 2014M
 Pre-touch: Disabled
 Parallel Workers: 4
 Concurrent Workers: 1
 Concurrent Refinement Workers: 4
 Periodic GC: Disabled

Heap:
 garbage-first heap   total 129024K, used 81757K [0x0000000082200000, 0x0000000100000000)
  region size 1024K, 64 young (65536K), 2 survivors (2048K)
 Metaspace       used 19798K, committed 20032K, reserved 1114112K
  class space    used 2073K, committed 2176K, reserved 1048576K

Heap Regions: E=young(eden), S=young(survivor), O=old, HS=humongous(starts), HC=humongous(continues), CS=collection set, F=free, OA=open archive, CA=closed archive, TAMS=top-at-mark-start (previous, next)
|   0|0x0000000082200000, 0x0000000082300000, 0x0000000082300000|100%| O|  |TAMS 0x0000000082200000, 0x0000000082200000| Untracked 
|   1|0x0000000082300000, 0x0000000082400000, 0x0000000082400000|100%| O|  |TAMS 0x0000000082300000, 0x0000000082300000| Untracked 
|   2|0x0000000082400000, 0x0000000082500000, 0x0000000082500000|100%| O|  |TAMS 0x0000000082400000, 0x0000000082400000| Untracked 
|   3|0x0000000082500000, 0x0000000082600000, 0x0000000082600000|100%| O|  |TAMS 0x0000000082500000, 0x0000000082500000| Untracked 
|   4|0x0000000082600000, 0x0000000082700000, 0x0000000082700000|100%| O|  |TAMS 0x0000000082600000, 0x0000000082600000| Untracked 
|   5|0x0000000082700000, 0x0000000082800000, 0x0000000082800000|100%|HS|  |TAMS 0x0000000082700000, 0x0000000082700000| Complete 
|   6|0x0000000082800000, 0x0000000082900000, 0x0000000082900000|100%|HC|  |TAMS 0x0000000082800000, 0x0000000082800000| Complete 
|   7|0x0000000082900000, 0x0000000082a00000, 0x0000000082a00000|100%|HC|  |TAMS 0x0000000082900000, 0x0000000082900000| Complete 
|   8|0x0000000082a00000, 0x0000000082b00000, 0x0000000082b00000|100%|HC|  |TAMS 0x0000000082a00000, 0x0000000082a00000| Complete 
|   9|0x0000000082b00000, 0x0000000082c00000, 0x0000000082c00000|100%|HS|  |TAMS 0x0000000082b00000, 0x0000000082b00000| Complete 
|  10|0x0000000082c00000, 0x0000000082d00000, 0x0000000082d00000|100%|HC|  |TAMS 0x0000000082c00000, 0x0000000082c00000| Complete 
|  11|0x0000000082d00000, 0x0000000082e00000, 0x0000000082e00000|100%|HS|  |TAMS 0x0000000082d00000, 0x0000000082d00000| Complete 
|  12|0x0000000082e00000, 0x0000000082f00000, 0x0000000082f00000|100%|HC|  |TAMS 0x0000000082e00000, 0x0000000082e00000| Complete 
|  13|0x0000000082f00000, 0x0000000083000000, 0x0000000083000000|100%|HS|  |TAMS 0x0000000082f00000, 0x0000000082f00000| Complete 
|  14|0x0000000083000000, 0x0000000083100000, 0x0000000083100000|100%|HC|  |TAMS 0x0000000083000000, 0x0000000083000000| Complete 
|  15|0x0000000083100000, 0x0000000083200000, 0x0000000083200000|100%|HS|  |TAMS 0x0000000083100000, 0x0000000083100000| Complete 
|  16|0x0000000083200000, 0x0000000083300000, 0x0000000083300000|100%|HC|  |TAMS 0x0000000083200000, 0x0000000083200000| Complete 
|  17|0x0000000083300000, 0x0000000083400000, 0x0000000083400000|100%| O|  |TAMS 0x0000000083300000, 0x0000000083300000| Untracked 
|  18|0x0000000083400000, 0x000000008343de00, 0x0000000083500000| 24%| O|  |TAMS 0x0000000083400000, 0x0000000083400000| Untracked 
|  19|0x0000000083500000, 0x0000000083500000, 0x0000000083600000|  0%| F|  |TAMS 0x0000000083500000, 0x0000000083500000| Untracked 
|  20|0x0000000083600000, 0x0000000083600000, 0x0000000083700000|  0%| F|  |TAMS 0x0000000083600000, 0x0000000083600000| Untracked 
|  21|0x0000000083700000, 0x0000000083700000, 0x0000000083800000|  0%| F|  |TAMS 0x0000000083700000, 0x0000000083700000| Untracked 
|  22|0x0000000083800000, 0x0000000083800000, 0x0000000083900000|  0%| F|  |TAMS 0x0000000083800000, 0x0000000083800000| Untracked 
|  23|0x0000000083900000, 0x0000000083900000, 0x0000000083a00000|  0%| F|  |TAMS 0x0000000083900000, 0x0000000083900000| Untracked 
|  24|0x0000000083a00000, 0x0000000083a00000, 0x0000000083b00000|  0%| F|  |TAMS 0x0000000083a00000, 0x0000000083a00000| Untracked 
|  25|0x0000000083b00000, 0x0000000083b00000, 0x0000000083c00000|  0%| F|  |TAMS 0x0000000083b00000, 0x0000000083b00000| Untracked 
|  26|0x0000000083c00000, 0x0000000083c00000, 0x0000000083d00000|  0%| F|  |TAMS 0x0000000083c00000, 0x0000000083c00000| Untracked 
|  27|0x0000000083d00000, 0x0000000083d00000, 0x0000000083e00000|  0%| F|  |TAMS 0x0000000083d00000, 0x0000000083d00000| Untracked 
|  28|0x0000000083e00000, 0x0000000083e00000, 0x0000000083f00000|  0%| F|  |TAMS 0x0000000083e00000, 0x0000000083e00000| Untracked 
|  29|0x0000000083f00000, 0x0000000083f00000, 0x0000000084000000|  0%| F|  |TAMS 0x0000000083f00000, 0x0000000083f00000| Untracked 
|  30|0x0000000084000000, 0x0000000084000000, 0x0000000084100000|  0%| F|  |TAMS 0x0000000084000000, 0x0000000084000000| Untracked 
|  31|0x0000000084100000, 0x0000000084100000, 0x0000000084200000|  0%| F|  |TAMS 0x0000000084100000, 0x0000000084100000| Untracked 
|  32|0x0000000084200000, 0x0000000084200000, 0x0000000084300000|  0%| F|  |TAMS 0x0000000084200000, 0x0000000084200000| Untracked 
|  33|0x0000000084300000, 0x0000000084300000, 0x0000000084400000|  0%| F|  |TAMS 0x0000000084300000, 0x0000000084300000| Untracked 
|  34|0x0000000084400000, 0x0000000084400000, 0x0000000084500000|  0%| F|  |TAMS 0x0000000084400000, 0x0000000084400000| Untracked 
|  35|0x0000000084500000, 0x0000000084500000, 0x0000000084600000|  0%| F|  |TAMS 0x0000000084500000, 0x0000000084500000| Untracked 
|  36|0x0000000084600000, 0x0000000084600000, 0x0000000084700000|  0%| F|  |TAMS 0x0000000084600000, 0x0000000084600000| Untracked 
|  37|0x0000000084700000, 0x0000000084700000, 0x0000000084800000|  0%| F|  |TAMS 0x0000000084700000, 0x0000000084700000| Untracked 
|  38|0x0000000084800000, 0x0000000084800000, 0x0000000084900000|  0%| F|  |TAMS 0x0000000084800000, 0x0000000084800000| Untracked 
|  39|0x0000000084900000, 0x0000000084900000, 0x0000000084a00000|  0%| F|  |TAMS 0x0000000084900000, 0x0000000084900000| Untracked 
|  40|0x0000000084a00000, 0x0000000084a00000, 0x0000000084b00000|  0%| F|  |TAMS 0x0000000084a00000, 0x0000000084a00000| Untracked 
|  41|0x0000000084b00000, 0x0000000084b00000, 0x0000000084c00000|  0%| F|  |TAMS 0x0000000084b00000, 0x0000000084b00000| Untracked 
|  42|0x0000000084c00000, 0x0000000084c00000, 0x0000000084d00000|  0%| F|  |TAMS 0x0000000084c00000, 0x0000000084c00000| Untracked 
|  43|0x0000000084d00000, 0x0000000084d00000, 0x0000000084e00000|  0%| F|  |TAMS 0x0000000084d00000, 0x0000000084d00000| Untracked 
|  44|0x0000000084e00000, 0x0000000084e00000, 0x0000000084f00000|  0%| F|  |TAMS 0x0000000084e00000, 0x0000000084e00000| Untracked 
|  45|0x0000000084f00000, 0x0000000084f00000, 0x0000000085000000|  0%| F|  |TAMS 0x0000000084f00000, 0x0000000084f00000| Untracked 
|  46|0x0000000085000000, 0x0000000085000000, 0x0000000085100000|  0%| F|  |TAMS 0x0000000085000000, 0x0000000085000000| Untracked 
|  47|0x0000000085100000, 0x0000000085100000, 0x0000000085200000|  0%| F|  |TAMS 0x0000000085100000, 0x0000000085100000| Untracked 
|  48|0x0000000085200000, 0x0000000085200000, 0x0000000085300000|  0%| F|  |TAMS 0x0000000085200000, 0x0000000085200000| Untracked 
|  49|0x0000000085300000, 0x0000000085300000, 0x0000000085400000|  0%| F|  |TAMS 0x0000000085300000, 0x0000000085300000| Untracked 
|  50|0x0000000085400000, 0x0000000085400000, 0x0000000085500000|  0%| F|  |TAMS 0x0000000085400000, 0x0000000085400000| Untracked 
|  51|0x0000000085500000, 0x0000000085500000, 0x0000000085600000|  0%| F|  |TAMS 0x0000000085500000, 0x0000000085500000| Untracked 
|  52|0x0000000085600000, 0x0000000085699858, 0x0000000085700000| 59%| S|CS|TAMS 0x0000000085600000, 0x0000000085600000| Complete 
|  53|0x0000000085700000, 0x0000000085800000, 0x0000000085800000|100%| S|CS|TAMS 0x0000000085700000, 0x0000000085700000| Complete 
|  54|0x0000000085800000, 0x0000000085800000, 0x0000000085900000|  0%| F|  |TAMS 0x0000000085800000, 0x0000000085800000| Untracked 
|  55|0x0000000085900000, 0x0000000085900000, 0x0000000085a00000|  0%| F|  |TAMS 0x0000000085900000, 0x0000000085900000| Untracked 
|  56|0x0000000085a00000, 0x0000000085a00000, 0x0000000085b00000|  0%| F|  |TAMS 0x0000000085a00000, 0x0000000085a00000| Untracked 
|  57|0x0000000085b00000, 0x0000000085b00000, 0x0000000085c00000|  0%| F|  |TAMS 0x0000000085b00000, 0x0000000085b00000| Untracked 
|  58|0x0000000085c00000, 0x0000000085c00000, 0x0000000085d00000|  0%| F|  |TAMS 0x0000000085c00000, 0x0000000085c00000| Untracked 
|  59|0x0000000085d00000, 0x0000000085d00000, 0x0000000085e00000|  0%| F|  |TAMS 0x0000000085d00000, 0x0000000085d00000| Untracked 
|  60|0x0000000085e00000, 0x0000000085e00000, 0x0000000085f00000|  0%| F|  |TAMS 0x0000000085e00000, 0x0000000085e00000| Untracked 
|  61|0x0000000085f00000, 0x0000000085f00000, 0x0000000086000000|  0%| F|  |TAMS 0x0000000085f00000, 0x0000000085f00000| Untracked 
|  62|0x0000000086000000, 0x0000000086000000, 0x0000000086100000|  0%| F|  |TAMS 0x0000000086000000, 0x0000000086000000| Untracked 
|  63|0x0000000086100000, 0x0000000086100000, 0x0000000086200000|  0%| F|  |TAMS 0x0000000086100000, 0x0000000086100000| Untracked 
|  64|0x0000000086200000, 0x0000000086300000, 0x0000000086300000|100%| E|  |TAMS 0x0000000086200000, 0x0000000086200000| Complete 
|  65|0x0000000086300000, 0x0000000086400000, 0x0000000086400000|100%| E|CS|TAMS 0x0000000086300000, 0x0000000086300000| Complete 
|  66|0x0000000086400000, 0x0000000086500000, 0x0000000086500000|100%| E|CS|TAMS 0x0000000086400000, 0x0000000086400000| Complete 
|  67|0x0000000086500000, 0x0000000086600000, 0x0000000086600000|100%| E|CS|TAMS 0x0000000086500000, 0x0000000086500000| Complete 
|  68|0x0000000086600000, 0x0000000086700000, 0x0000000086700000|100%| E|CS|TAMS 0x0000000086600000, 0x0000000086600000| Complete 
|  69|0x0000000086700000, 0x0000000086800000, 0x0000000086800000|100%| E|CS|TAMS 0x0000000086700000, 0x0000000086700000| Complete 
|  70|0x0000000086800000, 0x0000000086900000, 0x0000000086900000|100%| E|CS|TAMS 0x0000000086800000, 0x0000000086800000| Complete 
|  71|0x0000000086900000, 0x0000000086a00000, 0x0000000086a00000|100%| E|CS|TAMS 0x0000000086900000, 0x0000000086900000| Complete 
|  72|0x0000000086a00000, 0x0000000086b00000, 0x0000000086b00000|100%| E|CS|TAMS 0x0000000086a00000, 0x0000000086a00000| Complete 
|  73|0x0000000086b00000, 0x0000000086c00000, 0x0000000086c00000|100%| E|CS|TAMS 0x0000000086b00000, 0x0000000086b00000| Complete 
|  74|0x0000000086c00000, 0x0000000086d00000, 0x0000000086d00000|100%| E|CS|TAMS 0x0000000086c00000, 0x0000000086c00000| Complete 
|  75|0x0000000086d00000, 0x0000000086e00000, 0x0000000086e00000|100%| E|CS|TAMS 0x0000000086d00000, 0x0000000086d00000| Complete 
|  76|0x0000000086e00000, 0x0000000086f00000, 0x0000000086f00000|100%| E|CS|TAMS 0x0000000086e00000, 0x0000000086e00000| Complete 
|  77|0x0000000086f00000, 0x0000000087000000, 0x0000000087000000|100%| E|CS|TAMS 0x0000000086f00000, 0x0000000086f00000| Complete 
|  78|0x0000000087000000, 0x0000000087100000, 0x0000000087100000|100%| E|CS|TAMS 0x0000000087000000, 0x0000000087000000| Complete 
|  79|0x0000000087100000, 0x0000000087200000, 0x0000000087200000|100%| E|CS|TAMS 0x0000000087100000, 0x0000000087100000| Complete 
|  80|0x0000000087200000, 0x0000000087300000, 0x0000000087300000|100%| E|  |TAMS 0x0000000087200000, 0x0000000087200000| Complete 
|  81|0x0000000087300000, 0x0000000087400000, 0x0000000087400000|100%| E|CS|TAMS 0x0000000087300000, 0x0000000087300000| Complete 
|  82|0x0000000087400000, 0x0000000087500000, 0x0000000087500000|100%| E|CS|TAMS 0x0000000087400000, 0x0000000087400000| Complete 
|  83|0x0000000087500000, 0x0000000087600000, 0x0000000087600000|100%| E|CS|TAMS 0x0000000087500000, 0x0000000087500000| Complete 
|  84|0x0000000087600000, 0x0000000087700000, 0x0000000087700000|100%| E|CS|TAMS 0x0000000087600000, 0x0000000087600000| Complete 
|  85|0x0000000087700000, 0x0000000087800000, 0x0000000087800000|100%| E|CS|TAMS 0x0000000087700000, 0x0000000087700000| Complete 
|  86|0x0000000087800000, 0x0000000087900000, 0x0000000087900000|100%| E|CS|TAMS 0x0000000087800000, 0x0000000087800000| Complete 
|  87|0x0000000087900000, 0x0000000087a00000, 0x0000000087a00000|100%| E|CS|TAMS 0x0000000087900000, 0x0000000087900000| Complete 
|  88|0x0000000087a00000, 0x0000000087b00000, 0x0000000087b00000|100%| E|CS|TAMS 0x0000000087a00000, 0x0000000087a00000| Complete 
|  89|0x0000000087b00000, 0x0000000087c00000, 0x0000000087c00000|100%| E|CS|TAMS 0x0000000087b00000, 0x0000000087b00000| Complete 
|  90|0x0000000087c00000, 0x0000000087d00000, 0x0000000087d00000|100%| E|CS|TAMS 0x0000000087c00000, 0x0000000087c00000| Complete 
|  91|0x0000000087d00000, 0x0000000087e00000, 0x0000000087e00000|100%| E|CS|TAMS 0x0000000087d00000, 0x0000000087d00000| Complete 
|  92|0x0000000087e00000, 0x0000000087f00000, 0x0000000087f00000|100%| E|CS|TAMS 0x0000000087e00000, 0x0000000087e00000| Complete 
|  93|0x0000000087f00000, 0x0000000088000000, 0x0000000088000000|100%| E|CS|TAMS 0x0000000087f00000, 0x0000000087f00000| Complete 
|  94|0x0000000088000000, 0x0000000088100000, 0x0000000088100000|100%| E|CS|TAMS 0x0000000088000000, 0x0000000088000000| Complete 
|  95|0x0000000088100000, 0x0000000088200000, 0x0000000088200000|100%| E|CS|TAMS 0x0000000088100000, 0x0000000088100000| Complete 
|  96|0x0000000088200000, 0x0000000088300000, 0x0000000088300000|100%| E|CS|TAMS 0x0000000088200000, 0x0000000088200000| Complete 
|  97|0x0000000088300000, 0x0000000088400000, 0x0000000088400000|100%| E|CS|TAMS 0x0000000088300000, 0x0000000088300000| Complete 
|  98|0x0000000088400000, 0x0000000088500000, 0x0000000088500000|100%| E|CS|TAMS 0x0000000088400000, 0x0000000088400000| Complete 
|  99|0x0000000088500000, 0x0000000088600000, 0x0000000088600000|100%| E|CS|TAMS 0x0000000088500000, 0x0000000088500000| Complete 
| 100|0x0000000088600000, 0x0000000088700000, 0x0000000088700000|100%| E|CS|TAMS 0x0000000088600000, 0x0000000088600000| Complete 
| 101|0x0000000088700000, 0x0000000088800000, 0x0000000088800000|100%| E|CS|TAMS 0x0000000088700000, 0x0000000088700000| Complete 
| 102|0x0000000088800000, 0x0000000088900000, 0x0000000088900000|100%| E|CS|TAMS 0x0000000088800000, 0x0000000088800000| Complete 
| 103|0x0000000088900000, 0x0000000088a00000, 0x0000000088a00000|100%| E|CS|TAMS 0x0000000088900000, 0x0000000088900000| Complete 
| 104|0x0000000088a00000, 0x0000000088b00000, 0x0000000088b00000|100%| E|CS|TAMS 0x0000000088a00000, 0x0000000088a00000| Complete 
| 105|0x0000000088b00000, 0x0000000088c00000, 0x0000000088c00000|100%| E|CS|TAMS 0x0000000088b00000, 0x0000000088b00000| Complete 
| 106|0x0000000088c00000, 0x0000000088d00000, 0x0000000088d00000|100%| E|CS|TAMS 0x0000000088c00000, 0x0000000088c00000| Complete 
| 107|0x0000000088d00000, 0x0000000088e00000, 0x0000000088e00000|100%| E|CS|TAMS 0x0000000088d00000, 0x0000000088d00000| Complete 
| 108|0x0000000088e00000, 0x0000000088f00000, 0x0000000088f00000|100%| E|CS|TAMS 0x0000000088e00000, 0x0000000088e00000| Complete 
| 109|0x0000000088f00000, 0x0000000089000000, 0x0000000089000000|100%| E|CS|TAMS 0x0000000088f00000, 0x0000000088f00000| Complete 
| 110|0x0000000089000000, 0x0000000089100000, 0x0000000089100000|100%| E|CS|TAMS 0x0000000089000000, 0x0000000089000000| Complete 
| 111|0x0000000089100000, 0x0000000089200000, 0x0000000089200000|100%| E|CS|TAMS 0x0000000089100000, 0x0000000089100000| Complete 
| 112|0x0000000089200000, 0x0000000089300000, 0x0000000089300000|100%| E|CS|TAMS 0x0000000089200000, 0x0000000089200000| Complete 
| 113|0x0000000089300000, 0x0000000089400000, 0x0000000089400000|100%| E|CS|TAMS 0x0000000089300000, 0x0000000089300000| Complete 
| 114|0x0000000089400000, 0x0000000089500000, 0x0000000089500000|100%| E|CS|TAMS 0x0000000089400000, 0x0000000089400000| Complete 
| 115|0x0000000089500000, 0x0000000089600000, 0x0000000089600000|100%| E|CS|TAMS 0x0000000089500000, 0x0000000089500000| Complete 
| 116|0x0000000089600000, 0x0000000089700000, 0x0000000089700000|100%| E|CS|TAMS 0x0000000089600000, 0x0000000089600000| Complete 
| 117|0x0000000089700000, 0x0000000089800000, 0x0000000089800000|100%| E|CS|TAMS 0x0000000089700000, 0x0000000089700000| Complete 
| 118|0x0000000089800000, 0x0000000089900000, 0x0000000089900000|100%| E|CS|TAMS 0x0000000089800000, 0x0000000089800000| Complete 
| 119|0x0000000089900000, 0x0000000089a00000, 0x0000000089a00000|100%| E|CS|TAMS 0x0000000089900000, 0x0000000089900000| Complete 
| 120|0x0000000089a00000, 0x0000000089b00000, 0x0000000089b00000|100%| E|CS|TAMS 0x0000000089a00000, 0x0000000089a00000| Complete 
| 121|0x0000000089b00000, 0x0000000089c00000, 0x0000000089c00000|100%| E|CS|TAMS 0x0000000089b00000, 0x0000000089b00000| Complete 
| 122|0x0000000089c00000, 0x0000000089d00000, 0x0000000089d00000|100%| E|CS|TAMS 0x0000000089c00000, 0x0000000089c00000| Complete 
| 123|0x0000000089d00000, 0x0000000089e00000, 0x0000000089e00000|100%| E|CS|TAMS 0x0000000089d00000, 0x0000000089d00000| Complete 
| 124|0x0000000089e00000, 0x0000000089f00000, 0x0000000089f00000|100%| E|CS|TAMS 0x0000000089e00000, 0x0000000089e00000| Complete 
| 125|0x0000000089f00000, 0x000000008a000000, 0x000000008a000000|100%| E|CS|TAMS 0x0000000089f00000, 0x0000000089f00000| Complete 

Card table byte_map: [0x000001db59a90000,0x000001db59e80000] _byte_map_base: 0x000001db5967f000

Marking Bits (Prev, Next): (CMBitMap*) 0x000001db47032440, (CMBitMap*) 0x000001db47032480
 Prev Bits: [0x000001db5a270000, 0x000001db5c1e8000)
 Next Bits: [0x000001db5c1f0000, 0x000001db5e168000)

Polling page: 0x000001db44f90000

Metaspace:

Usage:
  Non-class:     17.31 MB used.
      Class:      2.03 MB used.
       Both:     19.33 MB used.

Virtual space:
  Non-class space:       64.00 MB reserved,      17.44 MB ( 27%) committed,  1 nodes.
      Class space:        1.00 GB reserved,       2.12 MB ( <1%) committed,  1 nodes.
             Both:        1.06 GB reserved,      19.56 MB (  2%) committed. 

Chunk freelists:
   Non-Class:  13.98 MB
       Class:  13.74 MB
        Both:  27.73 MB

MaxMetaspaceSize: unlimited
CompressedClassSpaceSize: 1.00 GB
Initial GC threshold: 21.00 MB
Current GC threshold: 21.00 MB
CDS: off
MetaspaceReclaimPolicy: balanced
 - commit_granule_bytes: 65536.
 - commit_granule_words: 8192.
 - virtual_space_node_default_size: 8388608.
 - enlarge_chunks_in_place: 1.
 - new_chunks_are_fully_committed: 0.
 - uncommit_free_chunks: 1.
 - use_allocation_guard: 0.
 - handle_deallocations: 1.


Internal statistics:

num_allocs_failed_limit: 0.
num_arena_births: 156.
num_arena_deaths: 0.
num_vsnodes_births: 2.
num_vsnodes_deaths: 0.
num_space_committed: 313.
num_space_uncommitted: 0.
num_chunks_returned_to_freelist: 0.
num_chunks_taken_from_freelist: 264.
num_chunk_merges: 0.
num_chunk_splits: 142.
num_chunks_enlarged: 61.
num_inconsistent_stats: 0.

CodeHeap 'non-profiled nmethods': size=120000Kb used=1629Kb max_used=1629Kb free=118370Kb
 bounds [0x000001db52170000, 0x000001db523e0000, 0x000001db596a0000]
CodeHeap 'profiled nmethods': size=120000Kb used=5410Kb max_used=5410Kb free=114590Kb
 bounds [0x000001db4a6a0000, 0x000001db4abf0000, 0x000001db51bd0000]
CodeHeap 'non-nmethods': size=5760Kb used=1320Kb max_used=1380Kb free=4439Kb
 bounds [0x000001db51bd0000, 0x000001db51e40000, 0x000001db52170000]
 total_blobs=3715 nmethods=3052 adapters=574
 compilation: enabled
              stopped_count=0, restarted_count=0
 full_count=0

Compilation events (20 events):
Event: 52.587 Thread 0x000001db6069dea0 nmethod 3051 0x000001db52305610 code [0x000001db52305780, 0x000001db523059d8]
Event: 52.885 Thread 0x000001db6069dea0 3052  s    4       java.awt.MediaTracker::waitForID (82 bytes)
Event: 52.888 Thread 0x000001db6069dea0 nmethod 3052 0x000001db52305a90 code [0x000001db52305c40, 0x000001db52305fc8]
Event: 53.879 Thread 0x000001db6069dea0 3053       4       javax.swing.AbstractButton::paintBorder (13 bytes)
Event: 53.881 Thread 0x000001db6069dea0 nmethod 3053 0x000001db52306190 code [0x000001db52306300, 0x000001db523063d8]
Event: 53.970 Thread 0x000001db6069dea0 3054       4       java.lang.ThreadLocal::get (38 bytes)
Event: 53.974 Thread 0x000001db6069dea0 nmethod 3054 0x000001db52306510 code [0x000001db523066a0, 0x000001db52306818]
Event: 54.661 Thread 0x000001db6069dea0 3055       4       sun.java2d.marlin.Renderer::lineTo (41 bytes)
Event: 54.662 Thread 0x000001db6069dea0 nmethod 3055 0x000001db52306a10 code [0x000001db52306bc0, 0x000001db52306ca8]
Event: 54.684 Thread 0x000001db6069dea0 3056       4       java.lang.Math::min (46 bytes)
Event: 54.685 Thread 0x000001db6069dea0 nmethod 3056 0x000001db52306d90 code [0x000001db52306f40, 0x000001db52307078]
Event: 55.316 Thread 0x000001db607db350 3057       3       java.util.ArrayList::contains (14 bytes)
Event: 55.316 Thread 0x000001db607db350 nmethod 3057 0x000001db4abe7c10 code [0x000001db4abe7dc0, 0x000001db4abe7fc8]
Event: 55.821 Thread 0x000001db6069dea0 3058       4       java.io.FileInputStream::read (8 bytes)
Event: 55.822 Thread 0x000001db6069dea0 nmethod 3058 0x000001db52307110 code [0x000001db523072a0, 0x000001db52307348]
Event: 57.507 Thread 0x000001db607db350 3059       3       sun.java2d.marlin.RendererContext::dispose (107 bytes)
Event: 57.507 Thread 0x000001db607db350 nmethod 3059 0x000001db4abe8090 code [0x000001db4abe8260, 0x000001db4abe8618]
Event: 57.632 Thread 0x000001db6069dea0 3060       4       java.lang.StringConcatHelper::newString (67 bytes)
Event: 57.634 Thread 0x000001db6069dea0 nmethod 3060 0x000001db52307410 code [0x000001db523075a0, 0x000001db52307698]
Event: 58.142 Thread 0x000001db6069dea0 3061       4       javax.swing.JComponent::repaint (19 bytes)

GC Heap History (20 events):
Event: 22.708 GC heap before
{Heap before GC invocations=7 (full 0):
 garbage-first heap   total 129024K, used 92776K [0x0000000082200000, 0x0000000100000000)
  region size 1024K, 75 young (76800K), 3 survivors (3072K)
 Metaspace       used 19798K, committed 20032K, reserved 1114112K
  class space    used 2073K, committed 2176K, reserved 1048576K
}
Event: 22.712 GC heap after
{Heap after GC invocations=8 (full 0):
 garbage-first heap   total 129024K, used 20311K [0x0000000082200000, 0x0000000100000000)
  region size 1024K, 4 young (4096K), 4 survivors (4096K)
 Metaspace       used 19798K, committed 20032K, reserved 1114112K
  class space    used 2073K, committed 2176K, reserved 1048576K
}
Event: 26.488 GC heap before
{Heap before GC invocations=8 (full 0):
 garbage-first heap   total 129024K, used 91991K [0x0000000082200000, 0x0000000100000000)
  region size 1024K, 75 young (76800K), 4 survivors (4096K)
 Metaspace       used 19798K, committed 20032K, reserved 1114112K
  class space    used 2073K, committed 2176K, reserved 1048576K
}
Event: 26.491 GC heap after
{Heap after GC invocations=9 (full 0):
 garbage-first heap   total 129024K, used 20509K [0x0000000082200000, 0x0000000100000000)
  region size 1024K, 4 young (4096K), 4 survivors (4096K)
 Metaspace       used 19798K, committed 20032K, reserved 1114112K
  class space    used 2073K, committed 2176K, reserved 1048576K
}
Event: 30.102 GC heap before
{Heap before GC invocations=9 (full 0):
 garbage-first heap   total 129024K, used 92189K [0x0000000082200000, 0x0000000100000000)
  region size 1024K, 75 young (76800K), 4 survivors (4096K)
 Metaspace       used 19798K, committed 20032K, reserved 1114112K
  class space    used 2073K, committed 2176K, reserved 1048576K
}
Event: 30.104 GC heap after
{Heap after GC invocations=10 (full 0):
 garbage-first heap   total 129024K, used 20187K [0x0000000082200000, 0x0000000100000000)
  region size 1024K, 4 young (4096K), 4 survivors (4096K)
 Metaspace       used 19798K, committed 20032K, reserved 1114112K
  class space    used 2073K, committed 2176K, reserved 1048576K
}
Event: 33.480 GC heap before
{Heap before GC invocations=10 (full 0):
 garbage-first heap   total 129024K, used 91867K [0x0000000082200000, 0x0000000100000000)
  region size 1024K, 75 young (76800K), 4 survivors (4096K)
 Metaspace       used 19798K, committed 20032K, reserved 1114112K
  class space    used 2073K, committed 2176K, reserved 1048576K
}
Event: 33.483 GC heap after
{Heap after GC invocations=11 (full 0):
 garbage-first heap   total 129024K, used 20088K [0x0000000082200000, 0x0000000100000000)
  region size 1024K, 3 young (3072K), 3 survivors (3072K)
 Metaspace       used 19798K, committed 20032K, reserved 1114112K
  class space    used 2073K, committed 2176K, reserved 1048576K
}
Event: 37.826 GC heap before
{Heap before GC invocations=11 (full 0):
 garbage-first heap   total 129024K, used 92792K [0x0000000082200000, 0x0000000100000000)
  region size 1024K, 75 young (76800K), 3 survivors (3072K)
 Metaspace       used 19798K, committed 20032K, reserved 1114112K
  class space    used 2073K, committed 2176K, reserved 1048576K
}
Event: 37.828 GC heap after
{Heap after GC invocations=12 (full 0):
 garbage-first heap   total 129024K, used 20312K [0x0000000082200000, 0x0000000100000000)
  region size 1024K, 4 young (4096K), 4 survivors (4096K)
 Metaspace       used 19798K, committed 20032K, reserved 1114112K
  class space    used 2073K, committed 2176K, reserved 1048576K
}
Event: 41.143 GC heap before
{Heap before GC invocations=12 (full 0):
 garbage-first heap   total 129024K, used 91992K [0x0000000082200000, 0x0000000100000000)
  region size 1024K, 75 young (76800K), 4 survivors (4096K)
 Metaspace       used 19798K, committed 20032K, reserved 1114112K
  class space    used 2073K, committed 2176K, reserved 1048576K
}
Event: 41.145 GC heap after
{Heap after GC invocations=13 (full 0):
 garbage-first heap   total 129024K, used 20551K [0x0000000082200000, 0x0000000100000000)
  region size 1024K, 4 young (4096K), 4 survivors (4096K)
 Metaspace       used 19798K, committed 20032K, reserved 1114112K
  class space    used 2073K, committed 2176K, reserved 1048576K
}
Event: 44.577 GC heap before
{Heap before GC invocations=13 (full 0):
 garbage-first heap   total 129024K, used 92231K [0x0000000082200000, 0x0000000100000000)
  region size 1024K, 75 young (76800K), 4 survivors (4096K)
 Metaspace       used 19798K, committed 20032K, reserved 1114112K
  class space    used 2073K, committed 2176K, reserved 1048576K
}
Event: 44.581 GC heap after
{Heap after GC invocations=14 (full 0):
 garbage-first heap   total 129024K, used 20369K [0x0000000082200000, 0x0000000100000000)
  region size 1024K, 4 young (4096K), 4 survivors (4096K)
 Metaspace       used 19798K, committed 20032K, reserved 1114112K
  class space    used 2073K, committed 2176K, reserved 1048576K
}
Event: 48.226 GC heap before
{Heap before GC invocations=14 (full 0):
 garbage-first heap   total 129024K, used 92049K [0x0000000082200000, 0x0000000100000000)
  region size 1024K, 75 young (76800K), 4 survivors (4096K)
 Metaspace       used 19798K, committed 20032K, reserved 1114112K
  class space    used 2073K, committed 2176K, reserved 1048576K
}
Event: 48.229 GC heap after
{Heap after GC invocations=15 (full 0):
 garbage-first heap   total 129024K, used 20123K [0x0000000082200000, 0x0000000100000000)
  region size 1024K, 3 young (3072K), 3 survivors (3072K)
 Metaspace       used 19798K, committed 20032K, reserved 1114112K
  class space    used 2073K, committed 2176K, reserved 1048576K
}
Event: 51.786 GC heap before
{Heap before GC invocations=15 (full 0):
 garbage-first heap   total 129024K, used 92827K [0x0000000082200000, 0x0000000100000000)
  region size 1024K, 75 young (76800K), 3 survivors (3072K)
 Metaspace       used 19798K, committed 20032K, reserved 1114112K
  class space    used 2073K, committed 2176K, reserved 1048576K
}
Event: 51.788 GC heap after
{Heap after GC invocations=16 (full 0):
 garbage-first heap   total 129024K, used 20115K [0x0000000082200000, 0x0000000100000000)
  region size 1024K, 3 young (3072K), 3 survivors (3072K)
 Metaspace       used 19798K, committed 20032K, reserved 1114112K
  class space    used 2073K, committed 2176K, reserved 1048576K
}
Event: 55.291 GC heap before
{Heap before GC invocations=16 (full 0):
 garbage-first heap   total 129024K, used 92819K [0x0000000082200000, 0x0000000100000000)
  region size 1024K, 75 young (76800K), 3 survivors (3072K)
 Metaspace       used 19798K, committed 20032K, reserved 1114112K
  class space    used 2073K, committed 2176K, reserved 1048576K
}
Event: 55.293 GC heap after
{Heap after GC invocations=17 (full 0):
 garbage-first heap   total 129024K, used 20317K [0x0000000082200000, 0x0000000100000000)
  region size 1024K, 2 young (2048K), 2 survivors (2048K)
 Metaspace       used 19798K, committed 20032K, reserved 1114112K
  class space    used 2073K, committed 2176K, reserved 1048576K
}

Dll operation events (10 events):
Event: 0.016 Loaded shared library C:\Users\cabre\.p2\pool\plugins\org.eclipse.justj.openjdk.hotspot.jre.full.win32.x86_64_17.0.7.v20230425-1502\jre\bin\java.dll
Event: 0.676 Loaded shared library C:\Users\cabre\.p2\pool\plugins\org.eclipse.justj.openjdk.hotspot.jre.full.win32.x86_64_17.0.7.v20230425-1502\jre\bin\net.dll
Event: 0.681 Loaded shared library C:\Users\cabre\.p2\pool\plugins\org.eclipse.justj.openjdk.hotspot.jre.full.win32.x86_64_17.0.7.v20230425-1502\jre\bin\nio.dll
Event: 0.891 Loaded shared library C:\Users\cabre\.p2\pool\plugins\org.eclipse.justj.openjdk.hotspot.jre.full.win32.x86_64_17.0.7.v20230425-1502\jre\bin\zip.dll
Event: 1.051 Loaded shared library C:\Users\cabre\.p2\pool\plugins\org.eclipse.justj.openjdk.hotspot.jre.full.win32.x86_64_17.0.7.v20230425-1502\jre\bin\jimage.dll
Event: 1.112 Loaded shared library C:\Users\cabre\.p2\pool\plugins\org.eclipse.justj.openjdk.hotspot.jre.full.win32.x86_64_17.0.7.v20230425-1502\jre\bin\awt.dll
Event: 1.634 Loaded shared library C:\Users\cabre\.p2\pool\plugins\org.eclipse.justj.openjdk.hotspot.jre.full.win32.x86_64_17.0.7.v20230425-1502\jre\bin\verify.dll
Event: 2.038 Loaded shared library C:\Users\cabre\.p2\pool\plugins\org.eclipse.justj.openjdk.hotspot.jre.full.win32.x86_64_17.0.7.v20230425-1502\jre\bin\freetype.dll
Event: 2.040 Loaded shared library C:\Users\cabre\.p2\pool\plugins\org.eclipse.justj.openjdk.hotspot.jre.full.win32.x86_64_17.0.7.v20230425-1502\jre\bin\fontmanager.dll
Event: 2.357 Loaded shared library C:\Users\cabre\.p2\pool\plugins\org.eclipse.justj.openjdk.hotspot.jre.full.win32.x86_64_17.0.7.v20230425-1502\jre\bin\javajpeg.dll

Deoptimization events (20 events):
Event: 27.695 Thread 0x000001db65414830 DEOPT PACKING pc=0x000001db4aad2a2c sp=0x0000005d824fefc0
Event: 27.696 Thread 0x000001db65414830 DEOPT UNPACKING pc=0x000001db51c27143 sp=0x0000005d824fe448 mode 0
Event: 30.597 Thread 0x000001db65416040 Uncommon trap: trap_request=0xffffffde fr.pc=0x000001db522dccc4 relative=0x0000000000000124
Event: 30.597 Thread 0x000001db65416040 Uncommon trap: reason=class_check action=maybe_recompile pc=0x000001db522dccc4 method=jdk.internal.misc.Unsafe.allocateUninitializedArray(Ljava/lang/Class;I)Ljava/lang/Object; @ 51 c2
Event: 30.597 Thread 0x000001db65416040 DEOPT PACKING pc=0x000001db522dccc4 sp=0x0000005d82afd900
Event: 30.597 Thread 0x000001db65416040 DEOPT UNPACKING pc=0x000001db51c269a3 sp=0x0000005d82afd888 mode 2
Event: 30.597 Thread 0x000001db65416040 Uncommon trap: trap_request=0xffffffde fr.pc=0x000001db522dccc4 relative=0x0000000000000124
Event: 30.597 Thread 0x000001db65416040 Uncommon trap: reason=class_check action=maybe_recompile pc=0x000001db522dccc4 method=jdk.internal.misc.Unsafe.allocateUninitializedArray(Ljava/lang/Class;I)Ljava/lang/Object; @ 51 c2
Event: 30.597 Thread 0x000001db65416040 DEOPT PACKING pc=0x000001db522dccc4 sp=0x0000005d82afd900
Event: 30.597 Thread 0x000001db65416040 DEOPT UNPACKING pc=0x000001db51c269a3 sp=0x0000005d82afd888 mode 2
Event: 30.628 Thread 0x000001db65416040 Uncommon trap: trap_request=0xffffffde fr.pc=0x000001db522dccc4 relative=0x0000000000000124
Event: 30.628 Thread 0x000001db65416040 Uncommon trap: reason=class_check action=maybe_recompile pc=0x000001db522dccc4 method=jdk.internal.misc.Unsafe.allocateUninitializedArray(Ljava/lang/Class;I)Ljava/lang/Object; @ 51 c2
Event: 30.628 Thread 0x000001db65416040 DEOPT PACKING pc=0x000001db522dccc4 sp=0x0000005d82afd900
Event: 30.628 Thread 0x000001db65416040 DEOPT UNPACKING pc=0x000001db51c269a3 sp=0x0000005d82afd888 mode 2
Event: 30.628 Thread 0x000001db65416040 Uncommon trap: trap_request=0xffffffde fr.pc=0x000001db522dccc4 relative=0x0000000000000124
Event: 30.628 Thread 0x000001db65416040 Uncommon trap: reason=class_check action=maybe_recompile pc=0x000001db522dccc4 method=jdk.internal.misc.Unsafe.allocateUninitializedArray(Ljava/lang/Class;I)Ljava/lang/Object; @ 51 c2
Event: 30.628 Thread 0x000001db65416040 DEOPT PACKING pc=0x000001db522dccc4 sp=0x0000005d82afd900
Event: 30.628 Thread 0x000001db65416040 DEOPT UNPACKING pc=0x000001db51c269a3 sp=0x0000005d82afd888 mode 2
Event: 31.912 Thread 0x000001db65414830 DEOPT PACKING pc=0x000001db4a6f01d6 sp=0x0000005d824fef80
Event: 31.912 Thread 0x000001db65414830 DEOPT UNPACKING pc=0x000001db51c27143 sp=0x0000005d824fe408 mode 0

Classes unloaded (0 events):
No events

Classes redefined (0 events):
No events

Internal exceptions (19 events):
Event: 0.732 Thread 0x000001db46fd79f0 Exception <a 'java/lang/NoSuchMethodError'{0x0000000089e274f8}: 'void java.lang.invoke.DirectMethodHandle$Holder.invokeVirtual(java.lang.Object, java.lang.Object)'> (0x0000000089e274f8) 
thrown [s\src\hotspot\share\interpreter\linkResolver.cpp, line 759]
Event: 0.953 Thread 0x000001db46fd79f0 Exception <a 'java/lang/NoSuchMethodError'{0x0000000089d41288}: 'void java.lang.invoke.DirectMethodHandle$Holder.invokeSpecial(java.lang.Object, java.lang.Object, java.lang.Object, java.lang.Object, java.lang.Object)'> (0x0000000089d41288) 
thrown [s\src\hotspot\share\interpreter\linkResolver.cpp, line 759]
Event: 0.966 Thread 0x000001db46fd79f0 Exception <a 'java/lang/NoSuchMethodError'{0x0000000089d54e58}: 'java.lang.Object java.lang.invoke.DirectMethodHandle$Holder.invokeInterface(java.lang.Object, java.lang.Object)'> (0x0000000089d54e58) 
thrown [s\src\hotspot\share\interpreter\linkResolver.cpp, line 759]
Event: 0.966 Thread 0x000001db46fd79f0 Exception <a 'java/lang/IncompatibleClassChangeError'{0x0000000089d583a8}: Found class java.lang.Object, but interface was expected> (0x0000000089d583a8) 
thrown [s\src\hotspot\share\interpreter\linkResolver.cpp, line 826]
Event: 0.967 Thread 0x000001db46fd79f0 Exception <a 'java/lang/NoSuchMethodError'{0x0000000089d5b170}: 'void java.lang.invoke.DirectMethodHandle$Holder.invokeStatic(java.lang.Object, java.lang.Object, java.lang.Object, java.lang.Object)'> (0x0000000089d5b170) 
thrown [s\src\hotspot\share\interpreter\linkResolver.cpp, line 759]
Event: 1.070 Thread 0x000001db46fd79f0 Exception <a 'sun/nio/fs/WindowsException'{0x0000000089de4748}> (0x0000000089de4748) 
thrown [s\src\hotspot\share\prims\jni.cpp, line 516]
Event: 1.087 Thread 0x000001db46fd79f0 Exception <a 'java/lang/ClassNotFoundException'{0x0000000089dea9b8}: sun/awt/resources/spi/awtProvider> (0x0000000089dea9b8) 
thrown [s\src\hotspot\share\classfile\systemDictionary.cpp, line 256]
Event: 1.150 Thread 0x000001db46fd79f0 Exception <a 'java/io/FileNotFoundException'{0x0000000089c3d850}> (0x0000000089c3d850) 
thrown [s\src\hotspot\share\prims\jni.cpp, line 516]
Event: 1.193 Thread 0x000001db46fd79f0 Exception <a 'java/io/FileNotFoundException'{0x0000000089c6aac8}> (0x0000000089c6aac8) 
thrown [s\src\hotspot\share\prims\jni.cpp, line 516]
Event: 1.390 Thread 0x000001db46fd79f0 Exception <a 'java/lang/NoSuchMethodError'{0x0000000089cc0428}: 'java.lang.Object java.lang.invoke.DirectMethodHandle$Holder.invokeStaticInit(java.lang.Object)'> (0x0000000089cc0428) 
thrown [s\src\hotspot\share\interpreter\linkResolver.cpp, line 759]
Event: 1.463 Thread 0x000001db46fd79f0 Exception <a 'java/lang/NoSuchMethodError'{0x0000000089b4c078}: 'void java.lang.invoke.DirectMethodHandle$Holder.invokeSpecial(java.lang.Object, java.lang.Object, java.lang.Object)'> (0x0000000089b4c078) 
thrown [s\src\hotspot\share\interpreter\linkResolver.cpp, line 759]
Event: 1.485 Thread 0x000001db46fd79f0 Exception <a 'java/lang/NoSuchMethodError'{0x0000000089b76440}: 'java.lang.Object java.lang.invoke.DirectMethodHandle$Holder.newInvokeSpecial(java.lang.Object, java.lang.Object, java.lang.Object, java.lang.Object, java.lang.Object)'> (0x0000000089b76440) 
thrown [s\src\hotspot\share\interpreter\linkResolver.cpp, line 759]
Event: 1.488 Thread 0x000001db46fd79f0 Exception <a 'java/lang/NoSuchMethodError'{0x0000000089b81e08}: 'java.lang.Object java.lang.invoke.DirectMethodHandle$Holder.invokeStatic(java.lang.Object, int, java.lang.Object, java.lang.Object, java.lang.Object, java.lang.Object)'> (0x0000000089b81e08) 
thrown [s\src\hotspot\share\interpreter\linkResolver.cpp, line 759]
Event: 1.504 Thread 0x000001db46fd79f0 Exception <a 'java/lang/NoSuchMethodError'{0x0000000089ba7850}: 'java.lang.Object java.lang.invoke.DirectMethodHandle$Holder.invokeStatic(java.lang.Object, int, java.lang.Object)'> (0x0000000089ba7850) 
thrown [s\src\hotspot\share\interpreter\linkResolver.cpp, line 759]
Event: 1.592 Thread 0x000001db46fd79f0 Exception <a 'java/lang/ClassNotFoundException'{0x0000000089a5f3f0}: com/sun/swing/internal/plaf/metal/resources/spi/metalProvider> (0x0000000089a5f3f0) 
thrown [s\src\hotspot\share\classfile\systemDictionary.cpp, line 256]
Event: 1.594 Thread 0x000001db46fd79f0 Exception <a 'java/lang/ClassNotFoundException'{0x0000000089a63298}: com/sun/swing/internal/plaf/basic/resources/spi/basicProvider> (0x0000000089a63298) 
thrown [s\src\hotspot\share\classfile\systemDictionary.cpp, line 256]
Event: 1.691 Thread 0x000001db60abf1f0 Exception <a 'java/lang/NoSuchMethodError'{0x0000000089add960}: 'java.lang.Object java.lang.invoke.DirectMethodHandle$Holder.newInvokeSpecial(java.lang.Object, java.lang.Object, java.lang.Object, int, int, int, int, int)'> (0x0000000089add960) 
thrown [s\src\hotspot\share\interpreter\linkResolver.cpp, line 759]
Event: 3.261 Thread 0x000001db46fd79f0 Exception <a 'java/lang/NoSuchMethodError'{0x0000000089a29dd0}: 'void java.lang.invoke.DirectMethodHandle$Holder.invokeStaticInit(java.lang.Object)'> (0x0000000089a29dd0) 
thrown [s\src\hotspot\share\interpreter\linkResolver.cpp, line 759]
Event: 3.277 Thread 0x000001db46fd79f0 Exception <a 'sun/nio/fs/WindowsException'{0x0000000089a887a8}> (0x0000000089a887a8) 
thrown [s\src\hotspot\share\prims\jni.cpp, line 516]

VM Operations (20 events):
Event: 43.160 Executing VM operation: Cleanup
Event: 43.162 Executing VM operation: Cleanup done
Event: 44.174 Executing VM operation: Cleanup
Event: 44.174 Executing VM operation: Cleanup done
Event: 44.577 Executing VM operation: G1CollectForAllocation
Event: 44.581 Executing VM operation: G1CollectForAllocation done
Event: 45.013 Executing VM operation: HandshakeAllThreads
Event: 45.013 Executing VM operation: HandshakeAllThreads done
Event: 46.015 Executing VM operation: Cleanup
Event: 46.018 Executing VM operation: Cleanup done
Event: 48.025 Executing VM operation: Cleanup
Event: 48.044 Executing VM operation: Cleanup done
Event: 48.226 Executing VM operation: G1CollectForAllocation
Event: 48.229 Executing VM operation: G1CollectForAllocation done
Event: 51.786 Executing VM operation: G1CollectForAllocation
Event: 51.788 Executing VM operation: G1CollectForAllocation done
Event: 55.291 Executing VM operation: G1CollectForAllocation
Event: 55.293 Executing VM operation: G1CollectForAllocation done
Event: 56.301 Executing VM operation: Cleanup
Event: 56.303 Executing VM operation: Cleanup done

Events (20 events):
Event: 4.864 loading class java/awt/Container$EventTargetFilter done
Event: 4.864 loading class java/awt/Container$MouseEventTargetFilter done
Event: 4.864 loading class java/awt/LightweightDispatcher$1
Event: 4.864 loading class java/awt/LightweightDispatcher$1 done
Event: 4.864 loading class java/awt/event/AWTEventListenerProxy
Event: 4.864 loading class java/awt/event/AWTEventListenerProxy done
Event: 4.864 loading class java/awt/Toolkit$SelectiveAWTEventListener
Event: 4.864 loading class java/awt/Toolkit$SelectiveAWTEventListener done
Event: 4.864 loading class java/awt/Toolkit$ToolkitEventMulticaster
Event: 4.864 loading class java/awt/Toolkit$ToolkitEventMulticaster done
Event: 5.665 loading class java/awt/KeyboardFocusManager$2
Event: 5.665 loading class java/awt/KeyboardFocusManager$2 done
Event: 5.666 loading class sun/awt/SunToolkit$1
Event: 5.666 loading class sun/awt/SunToolkit$1 done
Event: 5.667 loading class javax/swing/RepaintManager$3
Event: 5.667 loading class javax/swing/RepaintManager$3 done
Event: 6.080 loading class java/awt/event/MouseWheelEvent
Event: 6.081 loading class java/awt/event/MouseWheelEvent done
Event: 6.271 loading class java/awt/LightweightDispatcher$2
Event: 6.272 loading class java/awt/LightweightDispatcher$2 done


Dynamic libraries:
0x00007ff6601a0000 - 0x00007ff6601ae000 	C:\Users\cabre\.p2\pool\plugins\org.eclipse.justj.openjdk.hotspot.jre.full.win32.x86_64_17.0.7.v20230425-1502\jre\bin\javaw.exe
0x00007ffc30af0000 - 0x00007ffc30ce8000 	C:\Windows\SYSTEM32\ntdll.dll
0x00007ffc2ef70000 - 0x00007ffc2f02f000 	C:\Windows\System32\KERNEL32.DLL
0x00007ffc2e270000 - 0x00007ffc2e566000 	C:\Windows\System32\KERNELBASE.dll
0x00007ffc2e970000 - 0x00007ffc2ea70000 	C:\Windows\System32\ucrtbase.dll
0x00007ffc291c0000 - 0x00007ffc291d7000 	C:\Users\cabre\.p2\pool\plugins\org.eclipse.justj.openjdk.hotspot.jre.full.win32.x86_64_17.0.7.v20230425-1502\jre\bin\jli.dll
0x00007ffc2ebe0000 - 0x00007ffc2ed7d000 	C:\Windows\System32\USER32.dll
0x00007ffc2e7e0000 - 0x00007ffc2e802000 	C:\Windows\System32\win32u.dll
0x00007ffc2eb50000 - 0x00007ffc2eb7c000 	C:\Windows\System32\GDI32.dll
0x00007ffc2e570000 - 0x00007ffc2e685000 	C:\Windows\System32\gdi32full.dll
0x00007ffc2e1d0000 - 0x00007ffc2e26d000 	C:\Windows\System32\msvcp_win.dll
0x00007ffc16a80000 - 0x00007ffc16a99000 	C:\Users\cabre\.p2\pool\plugins\org.eclipse.justj.openjdk.hotspot.jre.full.win32.x86_64_17.0.7.v20230425-1502\jre\bin\VCRUNTIME140.dll
0x00007ffc176f0000 - 0x00007ffc1798a000 	C:\Windows\WinSxS\amd64_microsoft.windows.common-controls_6595b64144ccf1df_6.0.19041.1110_none_60b5254171f9507e\COMCTL32.dll
0x00007ffc2f4a0000 - 0x00007ffc2f53e000 	C:\Windows\System32\msvcrt.dll
0x00007ffc30530000 - 0x00007ffc30560000 	C:\Windows\System32\IMM32.DLL
0x00007ffc1a7d0000 - 0x00007ffc1a7dc000 	C:\Users\cabre\.p2\pool\plugins\org.eclipse.justj.openjdk.hotspot.jre.full.win32.x86_64_17.0.7.v20230425-1502\jre\bin\vcruntime140_1.dll
0x00007ffc044d0000 - 0x00007ffc04561000 	C:\Users\cabre\.p2\pool\plugins\org.eclipse.justj.openjdk.hotspot.jre.full.win32.x86_64_17.0.7.v20230425-1502\jre\bin\msvcp140.dll
0x00007ffbfad30000 - 0x00007ffbfb978000 	C:\Users\cabre\.p2\pool\plugins\org.eclipse.justj.openjdk.hotspot.jre.full.win32.x86_64_17.0.7.v20230425-1502\jre\bin\server\jvm.dll
0x00007ffc30480000 - 0x00007ffc3052f000 	C:\Windows\System32\ADVAPI32.dll
0x00007ffc2ffe0000 - 0x00007ffc3007c000 	C:\Windows\System32\sechost.dll
0x00007ffc2f570000 - 0x00007ffc2f696000 	C:\Windows\System32\RPCRT4.dll
0x00007ffc16870000 - 0x00007ffc16879000 	C:\Windows\SYSTEM32\WSOCK32.dll
0x00007ffc30410000 - 0x00007ffc3047b000 	C:\Windows\System32\WS2_32.dll
0x00007ffc1af50000 - 0x00007ffc1af77000 	C:\Windows\SYSTEM32\WINMM.dll
0x00007ffc28ba0000 - 0x00007ffc28baa000 	C:\Windows\SYSTEM32\VERSION.dll
0x00007ffc2c080000 - 0x00007ffc2c092000 	C:\Windows\SYSTEM32\kernel.appcore.dll
0x00007ffc28d70000 - 0x00007ffc28d7a000 	C:\Users\cabre\.p2\pool\plugins\org.eclipse.justj.openjdk.hotspot.jre.full.win32.x86_64_17.0.7.v20230425-1502\jre\bin\jimage.dll
0x00007ffc1bea0000 - 0x00007ffc1c084000 	C:\Windows\SYSTEM32\DBGHELP.DLL
0x00007ffc1bd30000 - 0x00007ffc1bd64000 	C:\Windows\SYSTEM32\dbgcore.DLL
0x00007ffc2eac0000 - 0x00007ffc2eb42000 	C:\Windows\System32\bcryptPrimitives.dll
0x00007ffc15510000 - 0x00007ffc15535000 	C:\Users\cabre\.p2\pool\plugins\org.eclipse.justj.openjdk.hotspot.jre.full.win32.x86_64_17.0.7.v20230425-1502\jre\bin\java.dll
0x00007ffc1be40000 - 0x00007ffc1be58000 	C:\Users\cabre\.p2\pool\plugins\org.eclipse.justj.openjdk.hotspot.jre.full.win32.x86_64_17.0.7.v20230425-1502\jre\bin\zip.dll
0x00007ffc2f890000 - 0x00007ffc2ffd4000 	C:\Windows\System32\SHELL32.dll
0x00007ffc2c280000 - 0x00007ffc2ca14000 	C:\Windows\SYSTEM32\windows.storage.dll
0x00007ffc30750000 - 0x00007ffc30aa4000 	C:\Windows\System32\combase.dll
0x00007ffc2db40000 - 0x00007ffc2db6e000 	C:\Windows\SYSTEM32\Wldp.dll
0x00007ffc30350000 - 0x00007ffc303fd000 	C:\Windows\System32\SHCORE.dll
0x00007ffc306f0000 - 0x00007ffc30745000 	C:\Windows\System32\shlwapi.dll
0x00007ffc2e100000 - 0x00007ffc2e125000 	C:\Windows\SYSTEM32\profapi.dll
0x00007ffc1b9b0000 - 0x00007ffc1b9c9000 	C:\Users\cabre\.p2\pool\plugins\org.eclipse.justj.openjdk.hotspot.jre.full.win32.x86_64_17.0.7.v20230425-1502\jre\bin\net.dll
0x00007ffc257c0000 - 0x00007ffc258ca000 	C:\Windows\SYSTEM32\WINHTTP.dll
0x00007ffc2d8a0000 - 0x00007ffc2d90a000 	C:\Windows\system32\mswsock.dll
0x00007ffc19340000 - 0x00007ffc19355000 	C:\Users\cabre\.p2\pool\plugins\org.eclipse.justj.openjdk.hotspot.jre.full.win32.x86_64_17.0.7.v20230425-1502\jre\bin\nio.dll
0x00007ffc04340000 - 0x00007ffc044ce000 	C:\Users\cabre\.p2\pool\plugins\org.eclipse.justj.openjdk.hotspot.jre.full.win32.x86_64_17.0.7.v20230425-1502\jre\bin\awt.dll
0x00007ffc2eea0000 - 0x00007ffc2ef6d000 	C:\Windows\System32\OLEAUT32.dll
0x00007ffc2ba70000 - 0x00007ffc2bb01000 	C:\Windows\SYSTEM32\apphelp.dll
0x00007ffc2bea0000 - 0x00007ffc2becf000 	C:\Windows\system32\DWMAPI.DLL
0x00007ffc2bbb0000 - 0x00007ffc2bc4e000 	C:\Windows\system32\uxtheme.dll
0x00007ffc19360000 - 0x00007ffc19485000 	C:\Windows\system32\opengl32.dll
0x00007ffc25d80000 - 0x00007ffc25dac000 	C:\Windows\SYSTEM32\GLU32.dll
0x00007ffc30230000 - 0x00007ffc30344000 	C:\Windows\System32\MSCTF.dll
0x00007ffc305c0000 - 0x00007ffc306ea000 	C:\Windows\System32\ole32.dll
0x00007ffc28940000 - 0x00007ffc28950000 	C:\Users\cabre\.p2\pool\plugins\org.eclipse.justj.openjdk.hotspot.jre.full.win32.x86_64_17.0.7.v20230425-1502\jre\bin\verify.dll
0x00007ffc042b0000 - 0x00007ffc04336000 	C:\Users\cabre\.p2\pool\plugins\org.eclipse.justj.openjdk.hotspot.jre.full.win32.x86_64_17.0.7.v20230425-1502\jre\bin\freetype.dll
0x00007ffc041e0000 - 0x00007ffc042a5000 	C:\Users\cabre\.p2\pool\plugins\org.eclipse.justj.openjdk.hotspot.jre.full.win32.x86_64_17.0.7.v20230425-1502\jre\bin\fontmanager.dll
0x00007ffc16830000 - 0x00007ffc1685d000 	C:\Users\cabre\.p2\pool\plugins\org.eclipse.justj.openjdk.hotspot.jre.full.win32.x86_64_17.0.7.v20230425-1502\jre\bin\javajpeg.dll
0x00007ffc2ed80000 - 0x00007ffc2ee29000 	C:\Windows\System32\clbcatq.dll
0x00007ffc24f60000 - 0x00007ffc25114000 	C:\Windows\SYSTEM32\WindowsCodecs.dll
0x00007ffc2e7b0000 - 0x00007ffc2e7d7000 	C:\Windows\System32\bcrypt.dll
0x00007ffc0f510000 - 0x00007ffc0f54e000 	C:\Windows\system32\dataexchange.dll
0x00007ffc2ade0000 - 0x00007ffc2afc3000 	C:\Windows\system32\dcomp.dll
0x00007ffc29e90000 - 0x00007ffc2a0f3000 	C:\Windows\system32\d3d11.dll
0x00007ffc2ca80000 - 0x00007ffc2cb73000 	C:\Windows\system32\dxgi.dll
0x00007ffc258d0000 - 0x00007ffc25ad7000 	C:\Windows\system32\twinapi.appcore.dll
0x00007ffc18a40000 - 0x00007ffc18b39000 	C:\Windows\SYSTEM32\textinputframework.dll
0x00007ffc2b390000 - 0x00007ffc2b6ee000 	C:\Windows\System32\CoreUIComponents.dll
0x00007ffc2b6f0000 - 0x00007ffc2b7e2000 	C:\Windows\System32\CoreMessaging.dll
0x00007ffc2d2e0000 - 0x00007ffc2d313000 	C:\Windows\SYSTEM32\ntmarta.dll
0x00007ffc2ac70000 - 0x00007ffc2adc4000 	C:\Windows\SYSTEM32\wintypes.dll

dbghelp: loaded successfully - version: 4.0.5 - missing functions: none
symbol engine: initialized successfully - sym options: 0x614 - pdb path: .;C:\Users\cabre\.p2\pool\plugins\org.eclipse.justj.openjdk.hotspot.jre.full.win32.x86_64_17.0.7.v20230425-1502\jre\bin;C:\Windows\SYSTEM32;C:\Windows\WinSxS\amd64_microsoft.windows.common-controls_6595b64144ccf1df_6.0.19041.1110_none_60b5254171f9507e;C:\Users\cabre\.p2\pool\plugins\org.eclipse.justj.openjdk.hotspot.jre.full.win32.x86_64_17.0.7.v20230425-1502\jre\bin\server

VM Arguments:
jvm_args: -Dfile.encoding=UTF-8 --module-path=C:\Users\cabre\eclipse-workspace\ELearning\bin;C:\Users\cabre\Downloads\miglayout-4.0.jar;C:\Users\cabre\Downloads\TimingFramework-0.55.jar -XX:+ShowCodeDetailsInExceptionMessages -Djdk.module.main=ELearning 
java_command: ELearning/com.kinaiya.main.Main
java_class_path (initial): <not set>
Launcher Type: SUN_STANDARD

[Global flags]
     intx CICompilerCount                          = 3                                         {product} {ergonomic}
     uint ConcGCThreads                            = 1                                         {product} {ergonomic}
     uint G1ConcRefinementThreads                  = 4                                         {product} {ergonomic}
   size_t G1HeapRegionSize                         = 1048576                                   {product} {ergonomic}
    uintx GCDrainStackTargetSize                   = 64                                        {product} {ergonomic}
   size_t InitialHeapSize                          = 132120576                                 {product} {ergonomic}
   size_t MarkStackSize                            = 4194304                                   {product} {ergonomic}
   size_t MaxHeapSize                              = 2111832064                                {product} {ergonomic}
   size_t MaxNewSize                               = 1266679808                                {product} {ergonomic}
   size_t MinHeapDeltaBytes                        = 1048576                                   {product} {ergonomic}
   size_t MinHeapSize                              = 8388608                                   {product} {ergonomic}
    uintx NonNMethodCodeHeapSize                   = 5832780                                {pd product} {ergonomic}
    uintx NonProfiledCodeHeapSize                  = 122912730                              {pd product} {ergonomic}
    uintx ProfiledCodeHeapSize                     = 122912730                              {pd product} {ergonomic}
    uintx ReservedCodeCacheSize                    = 251658240                              {pd product} {ergonomic}
     bool SegmentedCodeCache                       = true                                      {product} {ergonomic}
     bool ShowCodeDetailsInExceptionMessages       = true                                   {manageable} {command line}
   size_t SoftMaxHeapSize                          = 2111832064                             {manageable} {ergonomic}
     bool UseCompressedClassPointers               = true                           {product lp64_product} {ergonomic}
     bool UseCompressedOops                        = true                           {product lp64_product} {ergonomic}
     bool UseG1GC                                  = true                                      {product} {ergonomic}
     bool UseLargePagesIndividualAllocation        = false                                  {pd product} {ergonomic}

Logging:
Log output configuration:
 #0: stdout all=warning uptime,level,tags
 #1: stderr all=off uptime,level,tags

Environment Variables:
PATH=C:/Users/cabre/.p2/pool/plugins/org.eclipse.justj.openjdk.hotspot.jre.full.win32.x86_64_17.0.7.v20230425-1502/jre/bin/server;C:/Users/cabre/.p2/pool/plugins/org.eclipse.justj.openjdk.hotspot.jre.full.win32.x86_64_17.0.7.v20230425-1502/jre/bin;C:\Windows\system32;C:\Windows;C:\Windows\System32\Wbem;C:\Windows\System32\WindowsPowerShell\v1.0\;C:\Windows\System32\OpenSSH\;C:\php-8.2.6;C:\Users\cabre\AppData\Local\Microsoft\WindowsApps;;C:\Users\cabre\AppData\Local\Programs\Microsoft VS Code\bin;C:\Users\cabre\eclipse\java-2023-03\eclipse;
USERNAME=cabre
OS=Windows_NT
PROCESSOR_IDENTIFIER=Intel64 Family 6 Model 78 Stepping 3, GenuineIntel
TMP=C:\Users\cabre\AppData\Local\Temp
TEMP=C:\Users\cabre\AppData\Local\Temp



---------------  S Y S T E M  ---------------

OS:
 Windows 10 , 64 bit Build 19041 (10.0.19041.3155)
OS uptime: 0 days 6:17 hours

CPU: total 4 (initial active 4) (2 cores per cpu, 2 threads per core) family 6 model 78 stepping 3 microcode 0xcc, cx8, cmov, fxsr, ht, mmx, 3dnowpref, sse, sse2, sse3, ssse3, sse4.1, sse4.2, popcnt, lzcnt, tsc, tscinvbit, avx, avx2, aes, erms, clmul, bmi1, bmi2, adx, fma, vzeroupper, clflush, clflushopt

Memory: 4k page, system-wide physical 8052M (301M free)
TotalPageFile size 32628M (AvailPageFile size 200M)
current process WorkingSet (physical memory assigned to process): 185M, peak: 186M
current process commit charge ("private bytes"): 241M, peak: 243M

vm_info: OpenJDK 64-Bit Server VM (17.0.7+7) for windows-amd64 JRE (17.0.7+7), built on Apr 18 2023 22:10:42 by "temurin" with MS VC++ 16.7 (VS2019)

END.
