#
# There is insufficient memory for the Java Runtime Environment to continue.
# Native memory allocation (malloc) failed to allocate 987696 bytes for Chunk::new
# Possible reasons:
#   The system is out of physical RAM or swap space
#   The process is running with CompressedOops enabled, and the Java Heap may be blocking the growth of the native heap
# Possible solutions:
#   Reduce memory load on the system
#   Increase physical memory or swap space
#   Check if swap backing store is full
#   Decrease Java heap size (-Xmx/-Xms)
#   Decrease number of Java threads
#   Decrease Java thread stack sizes (-Xss)
#   Set larger code cache with -XX:ReservedCodeCacheSize=
#   JVM is running with Unscaled Compressed Oops mode in which the Java heap is
#     placed in the first 4GB address space. The Java Heap base address is the
#     maximum limit for the native heap growth. Please use -XX:HeapBaseMinAddress
#     to set the Java Heap base and to place the Java Heap above 4GB virtual address.
# This output file may be truncated or incomplete.
#
#  Out of Memory Error (arena.cpp:189), pid=19720, tid=23040
#
# JRE version: OpenJDK Runtime Environment Temurin-17.0.7+7 (17.0.7+7) (build 17.0.7+7)
# Java VM: OpenJDK 64-Bit Server VM Temurin-17.0.7+7 (17.0.7+7, mixed mode, tiered, compressed oops, compressed class ptrs, g1 gc, windows-amd64)
# No core dump will be written. Minidumps are not enabled by default on client versions of Windows
#

---------------  S U M M A R Y ------------

Command Line: -Dfile.encoding=UTF-8 --module-path=C:\Users\cabre\eclipse-workspace\ELearning\bin;C:\Users\cabre\Downloads\miglayout-4.0.jar;C:\Users\cabre\Downloads\TimingFramework-0.55.jar -XX:+ShowCodeDetailsInExceptionMessages -Djdk.module.main=ELearning ELearning/app.Main

Host: Intel(R) Core(TM) i5-6200U CPU @ 2.30GHz, 4 cores, 7G,  Windows 10 , 64 bit Build 19041 (10.0.19041.3031)
Time: Sun Jun 18 16:37:52 2023 Malay Peninsula Standard Time elapsed time: 4.735276 seconds (0d 0h 0m 4s)

---------------  T H R E A D  ---------------

Current thread (0x0000017230022c20):  JavaThread "C2 CompilerThread0" daemon [_thread_in_native, id=23040, stack(0x00000037b9400000,0x00000037b9500000)]


Current CompileTask:
C2:   4735 1359 %     4       sun.java2d.marlin.Renderer::_endRendering @ 784 (2480 bytes)

Stack: [0x00000037b9400000,0x00000037b9500000]
Native frames: (J=compiled Java code, j=interpreted, Vv=VM code, C=native code)
V  [jvm.dll+0x67754a]
V  [jvm.dll+0x834304]
V  [jvm.dll+0x835aae]
V  [jvm.dll+0x836113]
V  [jvm.dll+0x24696f]
V  [jvm.dll+0xac0ac]
V  [jvm.dll+0xac67c]
V  [jvm.dll+0x364de2]
V  [jvm.dll+0x1bcde8]
V  [jvm.dll+0x219799]
V  [jvm.dll+0x218a61]
V  [jvm.dll+0x1a4d8d]
V  [jvm.dll+0x2284da]
V  [jvm.dll+0x226615]
V  [jvm.dll+0x7ea90b]
V  [jvm.dll+0x7e4e7a]
V  [jvm.dll+0x676395]
C  [ucrtbase.dll+0x21bb2]
C  [KERNEL32.DLL+0x17614]
C  [ntdll.dll+0x526f1]


---------------  P R O C E S S  ---------------

Threads class SMR info:
_java_thread_list=0x00000172308756f0, length=17, elements={
0x000001722bc8f3e0, 0x000001722bc907e0, 0x00000172300140d0, 0x0000017230014990,
0x0000017230016260, 0x000001723001eb30, 0x0000017230022c20, 0x0000017230025530,
0x000001723002e600, 0x00000172300ad8d0, 0x00000172300ae270, 0x00000172300adda0,
0x00000172300ae740, 0x00000172300acf30, 0x00000172300ad400, 0x00000172300ac0c0,
0x0000017230799af0
}

Java Threads: ( => current thread )
  0x000001722bc8f3e0 JavaThread "Reference Handler" daemon [_thread_blocked, id=22772, stack(0x00000037b8e00000,0x00000037b8f00000)]
  0x000001722bc907e0 JavaThread "Finalizer" daemon [_thread_blocked, id=22504, stack(0x00000037b8f00000,0x00000037b9000000)]
  0x00000172300140d0 JavaThread "Signal Dispatcher" daemon [_thread_blocked, id=9412, stack(0x00000037b9000000,0x00000037b9100000)]
  0x0000017230014990 JavaThread "Attach Listener" daemon [_thread_blocked, id=22656, stack(0x00000037b9100000,0x00000037b9200000)]
  0x0000017230016260 JavaThread "Service Thread" daemon [_thread_blocked, id=8264, stack(0x00000037b9200000,0x00000037b9300000)]
  0x000001723001eb30 JavaThread "Monitor Deflation Thread" daemon [_thread_blocked, id=22680, stack(0x00000037b9300000,0x00000037b9400000)]
=>0x0000017230022c20 JavaThread "C2 CompilerThread0" daemon [_thread_in_native, id=23040, stack(0x00000037b9400000,0x00000037b9500000)]
  0x0000017230025530 JavaThread "C1 CompilerThread0" daemon [_thread_blocked, id=20880, stack(0x00000037b9500000,0x00000037b9600000)]
  0x000001723002e600 JavaThread "Sweeper thread" daemon [_thread_blocked, id=23224, stack(0x00000037b9600000,0x00000037b9700000)]
  0x00000172300ad8d0 JavaThread "Common-Cleaner" daemon [_thread_blocked, id=856, stack(0x00000037b9700000,0x00000037b9800000)]
  0x00000172300ae270 JavaThread "Notification Thread" daemon [_thread_blocked, id=10852, stack(0x00000037b9800000,0x00000037b9900000)]
  0x00000172300adda0 JavaThread "Java2D Disposer" daemon [_thread_blocked, id=22472, stack(0x00000037b9a00000,0x00000037b9b00000)]
  0x00000172300ae740 JavaThread "AWT-Shutdown" [_thread_blocked, id=7568, stack(0x00000037b9b00000,0x00000037b9c00000)]
  0x00000172300acf30 JavaThread "AWT-Windows" daemon [_thread_in_native, id=20172, stack(0x00000037b9c00000,0x00000037b9d00000)]
  0x00000172300ad400 JavaThread "AWT-EventQueue-0" [_thread_blocked, id=1264, stack(0x00000037b9d00000,0x00000037b9e00000)]
  0x00000172300ac0c0 JavaThread "DestroyJavaVM" [_thread_blocked, id=22948, stack(0x00000037b8700000,0x00000037b8800000)]
  0x0000017230799af0 JavaThread "TimerQueue" daemon [_thread_blocked, id=9464, stack(0x00000037ba100000,0x00000037ba200000)]

Other Threads:
  0x000001722bc6bd30 VMThread "VM Thread" [stack: 0x00000037b8d00000,0x00000037b8e00000] [id=1760]
  0x00000172126654f0 WatcherThread [stack: 0x00000037b9900000,0x00000037b9a00000] [id=16616]
  0x0000017212643780 GCTaskThread "GC Thread#0" [stack: 0x00000037b8800000,0x00000037b8900000] [id=12104]
  0x0000017212654a20 ConcurrentGCThread "G1 Main Marker" [stack: 0x00000037b8900000,0x00000037b8a00000] [id=16520]
  0x0000017212655430 ConcurrentGCThread "G1 Conc#0" [stack: 0x00000037b8a00000,0x00000037b8b00000] [id=13960]
  0x00000172126b0eb0 ConcurrentGCThread "G1 Refine#0" [stack: 0x00000037b8b00000,0x00000037b8c00000] [id=23412]
  0x00000172126b17e0 ConcurrentGCThread "G1 Service" [stack: 0x00000037b8c00000,0x00000037b8d00000] [id=16816]

Threads with active compile tasks:
C2 CompilerThread0     4793 1359 %     4       sun.java2d.marlin.Renderer::_endRendering @ 784 (2480 bytes)

VM state: not at safepoint (normal execution)

VM Mutex/Monitor currently owned by a thread: None

Heap address: 0x0000000082200000, size: 2014 MB, Compressed Oops mode: 32-bit

CDS archive(s) not mapped
Compressed class space mapped at: 0x0000000100000000-0x0000000140000000, reserved size: 1073741824
Narrow klass base: 0x0000000000000000, Narrow klass shift: 3, Narrow klass range: 0x140000000

GC Precious Log:
 CPUs: 4 total, 4 available
 Memory: 8052M
 Large Page Support: Disabled
 NUMA Support: Disabled
 Compressed Oops: Enabled (32-bit)
 Heap Region Size: 1M
 Heap Min Capacity: 8M
 Heap Initial Capacity: 126M
 Heap Max Capacity: 2014M
 Pre-touch: Disabled
 Parallel Workers: 4
 Concurrent Workers: 1
 Concurrent Refinement Workers: 4
 Periodic GC: Disabled

Heap:
 garbage-first heap   total 129024K, used 12288K [0x0000000082200000, 0x0000000100000000)
  region size 1024K, 10 young (10240K), 0 survivors (0K)
 Metaspace       used 16885K, committed 17088K, reserved 1114112K
  class space    used 1756K, committed 1856K, reserved 1048576K

Heap Regions: E=young(eden), S=young(survivor), O=old, HS=humongous(starts), HC=humongous(continues), CS=collection set, F=free, OA=open archive, CA=closed archive, TAMS=top-at-mark-start (previous, next)
|   0|0x0000000082200000, 0x0000000082300000, 0x0000000082300000|100%|HS|  |TAMS 0x0000000082200000, 0x0000000082200000| Complete 
|   1|0x0000000082300000, 0x0000000082400000, 0x0000000082400000|100%|HC|  |TAMS 0x0000000082300000, 0x0000000082300000| Complete 
|   2|0x0000000082400000, 0x0000000082500000, 0x0000000082500000|100%|HC|  |TAMS 0x0000000082400000, 0x0000000082400000| Complete 
|   3|0x0000000082500000, 0x0000000082500000, 0x0000000082600000|  0%| F|  |TAMS 0x0000000082500000, 0x0000000082500000| Untracked 
|   4|0x0000000082600000, 0x0000000082600000, 0x0000000082700000|  0%| F|  |TAMS 0x0000000082600000, 0x0000000082600000| Untracked 
|   5|0x0000000082700000, 0x0000000082700000, 0x0000000082800000|  0%| F|  |TAMS 0x0000000082700000, 0x0000000082700000| Untracked 
|   6|0x0000000082800000, 0x0000000082800000, 0x0000000082900000|  0%| F|  |TAMS 0x0000000082800000, 0x0000000082800000| Untracked 
|   7|0x0000000082900000, 0x0000000082900000, 0x0000000082a00000|  0%| F|  |TAMS 0x0000000082900000, 0x0000000082900000| Untracked 
|   8|0x0000000082a00000, 0x0000000082a00000, 0x0000000082b00000|  0%| F|  |TAMS 0x0000000082a00000, 0x0000000082a00000| Untracked 
|   9|0x0000000082b00000, 0x0000000082b00000, 0x0000000082c00000|  0%| F|  |TAMS 0x0000000082b00000, 0x0000000082b00000| Untracked 
|  10|0x0000000082c00000, 0x0000000082c00000, 0x0000000082d00000|  0%| F|  |TAMS 0x0000000082c00000, 0x0000000082c00000| Untracked 
|  11|0x0000000082d00000, 0x0000000082d00000, 0x0000000082e00000|  0%| F|  |TAMS 0x0000000082d00000, 0x0000000082d00000| Untracked 
|  12|0x0000000082e00000, 0x0000000082e00000, 0x0000000082f00000|  0%| F|  |TAMS 0x0000000082e00000, 0x0000000082e00000| Untracked 
|  13|0x0000000082f00000, 0x0000000082f00000, 0x0000000083000000|  0%| F|  |TAMS 0x0000000082f00000, 0x0000000082f00000| Untracked 
|  14|0x0000000083000000, 0x0000000083000000, 0x0000000083100000|  0%| F|  |TAMS 0x0000000083000000, 0x0000000083000000| Untracked 
|  15|0x0000000083100000, 0x0000000083100000, 0x0000000083200000|  0%| F|  |TAMS 0x0000000083100000, 0x0000000083100000| Untracked 
|  16|0x0000000083200000, 0x0000000083200000, 0x0000000083300000|  0%| F|  |TAMS 0x0000000083200000, 0x0000000083200000| Untracked 
|  17|0x0000000083300000, 0x0000000083300000, 0x0000000083400000|  0%| F|  |TAMS 0x0000000083300000, 0x0000000083300000| Untracked 
|  18|0x0000000083400000, 0x0000000083400000, 0x0000000083500000|  0%| F|  |TAMS 0x0000000083400000, 0x0000000083400000| Untracked 
|  19|0x0000000083500000, 0x0000000083500000, 0x0000000083600000|  0%| F|  |TAMS 0x0000000083500000, 0x0000000083500000| Untracked 
|  20|0x0000000083600000, 0x0000000083600000, 0x0000000083700000|  0%| F|  |TAMS 0x0000000083600000, 0x0000000083600000| Untracked 
|  21|0x0000000083700000, 0x0000000083700000, 0x0000000083800000|  0%| F|  |TAMS 0x0000000083700000, 0x0000000083700000| Untracked 
|  22|0x0000000083800000, 0x0000000083800000, 0x0000000083900000|  0%| F|  |TAMS 0x0000000083800000, 0x0000000083800000| Untracked 
|  23|0x0000000083900000, 0x0000000083900000, 0x0000000083a00000|  0%| F|  |TAMS 0x0000000083900000, 0x0000000083900000| Untracked 
|  24|0x0000000083a00000, 0x0000000083a00000, 0x0000000083b00000|  0%| F|  |TAMS 0x0000000083a00000, 0x0000000083a00000| Untracked 
|  25|0x0000000083b00000, 0x0000000083b00000, 0x0000000083c00000|  0%| F|  |TAMS 0x0000000083b00000, 0x0000000083b00000| Untracked 
|  26|0x0000000083c00000, 0x0000000083c00000, 0x0000000083d00000|  0%| F|  |TAMS 0x0000000083c00000, 0x0000000083c00000| Untracked 
|  27|0x0000000083d00000, 0x0000000083d00000, 0x0000000083e00000|  0%| F|  |TAMS 0x0000000083d00000, 0x0000000083d00000| Untracked 
|  28|0x0000000083e00000, 0x0000000083e00000, 0x0000000083f00000|  0%| F|  |TAMS 0x0000000083e00000, 0x0000000083e00000| Untracked 
|  29|0x0000000083f00000, 0x0000000083f00000, 0x0000000084000000|  0%| F|  |TAMS 0x0000000083f00000, 0x0000000083f00000| Untracked 
|  30|0x0000000084000000, 0x0000000084000000, 0x0000000084100000|  0%| F|  |TAMS 0x0000000084000000, 0x0000000084000000| Untracked 
|  31|0x0000000084100000, 0x0000000084100000, 0x0000000084200000|  0%| F|  |TAMS 0x0000000084100000, 0x0000000084100000| Untracked 
|  32|0x0000000084200000, 0x0000000084200000, 0x0000000084300000|  0%| F|  |TAMS 0x0000000084200000, 0x0000000084200000| Untracked 
|  33|0x0000000084300000, 0x0000000084300000, 0x0000000084400000|  0%| F|  |TAMS 0x0000000084300000, 0x0000000084300000| Untracked 
|  34|0x0000000084400000, 0x0000000084400000, 0x0000000084500000|  0%| F|  |TAMS 0x0000000084400000, 0x0000000084400000| Untracked 
|  35|0x0000000084500000, 0x0000000084500000, 0x0000000084600000|  0%| F|  |TAMS 0x0000000084500000, 0x0000000084500000| Untracked 
|  36|0x0000000084600000, 0x0000000084600000, 0x0000000084700000|  0%| F|  |TAMS 0x0000000084600000, 0x0000000084600000| Untracked 
|  37|0x0000000084700000, 0x0000000084700000, 0x0000000084800000|  0%| F|  |TAMS 0x0000000084700000, 0x0000000084700000| Untracked 
|  38|0x0000000084800000, 0x0000000084800000, 0x0000000084900000|  0%| F|  |TAMS 0x0000000084800000, 0x0000000084800000| Untracked 
|  39|0x0000000084900000, 0x0000000084900000, 0x0000000084a00000|  0%| F|  |TAMS 0x0000000084900000, 0x0000000084900000| Untracked 
|  40|0x0000000084a00000, 0x0000000084a00000, 0x0000000084b00000|  0%| F|  |TAMS 0x0000000084a00000, 0x0000000084a00000| Untracked 
|  41|0x0000000084b00000, 0x0000000084b00000, 0x0000000084c00000|  0%| F|  |TAMS 0x0000000084b00000, 0x0000000084b00000| Untracked 
|  42|0x0000000084c00000, 0x0000000084c00000, 0x0000000084d00000|  0%| F|  |TAMS 0x0000000084c00000, 0x0000000084c00000| Untracked 
|  43|0x0000000084d00000, 0x0000000084d00000, 0x0000000084e00000|  0%| F|  |TAMS 0x0000000084d00000, 0x0000000084d00000| Untracked 
|  44|0x0000000084e00000, 0x0000000084e00000, 0x0000000084f00000|  0%| F|  |TAMS 0x0000000084e00000, 0x0000000084e00000| Untracked 
|  45|0x0000000084f00000, 0x0000000084f00000, 0x0000000085000000|  0%| F|  |TAMS 0x0000000084f00000, 0x0000000084f00000| Untracked 
|  46|0x0000000085000000, 0x0000000085000000, 0x0000000085100000|  0%| F|  |TAMS 0x0000000085000000, 0x0000000085000000| Untracked 
|  47|0x0000000085100000, 0x0000000085100000, 0x0000000085200000|  0%| F|  |TAMS 0x0000000085100000, 0x0000000085100000| Untracked 
|  48|0x0000000085200000, 0x0000000085200000, 0x0000000085300000|  0%| F|  |TAMS 0x0000000085200000, 0x0000000085200000| Untracked 
|  49|0x0000000085300000, 0x0000000085300000, 0x0000000085400000|  0%| F|  |TAMS 0x0000000085300000, 0x0000000085300000| Untracked 
|  50|0x0000000085400000, 0x0000000085400000, 0x0000000085500000|  0%| F|  |TAMS 0x0000000085400000, 0x0000000085400000| Untracked 
|  51|0x0000000085500000, 0x0000000085500000, 0x0000000085600000|  0%| F|  |TAMS 0x0000000085500000, 0x0000000085500000| Untracked 
|  52|0x0000000085600000, 0x0000000085600000, 0x0000000085700000|  0%| F|  |TAMS 0x0000000085600000, 0x0000000085600000| Untracked 
|  53|0x0000000085700000, 0x0000000085700000, 0x0000000085800000|  0%| F|  |TAMS 0x0000000085700000, 0x0000000085700000| Untracked 
|  54|0x0000000085800000, 0x0000000085800000, 0x0000000085900000|  0%| F|  |TAMS 0x0000000085800000, 0x0000000085800000| Untracked 
|  55|0x0000000085900000, 0x0000000085900000, 0x0000000085a00000|  0%| F|  |TAMS 0x0000000085900000, 0x0000000085900000| Untracked 
|  56|0x0000000085a00000, 0x0000000085a00000, 0x0000000085b00000|  0%| F|  |TAMS 0x0000000085a00000, 0x0000000085a00000| Untracked 
|  57|0x0000000085b00000, 0x0000000085b00000, 0x0000000085c00000|  0%| F|  |TAMS 0x0000000085b00000, 0x0000000085b00000| Untracked 
|  58|0x0000000085c00000, 0x0000000085c00000, 0x0000000085d00000|  0%| F|  |TAMS 0x0000000085c00000, 0x0000000085c00000| Untracked 
|  59|0x0000000085d00000, 0x0000000085d00000, 0x0000000085e00000|  0%| F|  |TAMS 0x0000000085d00000, 0x0000000085d00000| Untracked 
|  60|0x0000000085e00000, 0x0000000085e00000, 0x0000000085f00000|  0%| F|  |TAMS 0x0000000085e00000, 0x0000000085e00000| Untracked 
|  61|0x0000000085f00000, 0x0000000085f00000, 0x0000000086000000|  0%| F|  |TAMS 0x0000000085f00000, 0x0000000085f00000| Untracked 
|  62|0x0000000086000000, 0x0000000086000000, 0x0000000086100000|  0%| F|  |TAMS 0x0000000086000000, 0x0000000086000000| Untracked 
|  63|0x0000000086100000, 0x0000000086100000, 0x0000000086200000|  0%| F|  |TAMS 0x0000000086100000, 0x0000000086100000| Untracked 
|  64|0x0000000086200000, 0x0000000086200000, 0x0000000086300000|  0%| F|  |TAMS 0x0000000086200000, 0x0000000086200000| Untracked 
|  65|0x0000000086300000, 0x0000000086300000, 0x0000000086400000|  0%| F|  |TAMS 0x0000000086300000, 0x0000000086300000| Untracked 
|  66|0x0000000086400000, 0x0000000086400000, 0x0000000086500000|  0%| F|  |TAMS 0x0000000086400000, 0x0000000086400000| Untracked 
|  67|0x0000000086500000, 0x0000000086500000, 0x0000000086600000|  0%| F|  |TAMS 0x0000000086500000, 0x0000000086500000| Untracked 
|  68|0x0000000086600000, 0x0000000086600000, 0x0000000086700000|  0%| F|  |TAMS 0x0000000086600000, 0x0000000086600000| Untracked 
|  69|0x0000000086700000, 0x0000000086700000, 0x0000000086800000|  0%| F|  |TAMS 0x0000000086700000, 0x0000000086700000| Untracked 
|  70|0x0000000086800000, 0x0000000086800000, 0x0000000086900000|  0%| F|  |TAMS 0x0000000086800000, 0x0000000086800000| Untracked 
|  71|0x0000000086900000, 0x0000000086900000, 0x0000000086a00000|  0%| F|  |TAMS 0x0000000086900000, 0x0000000086900000| Untracked 
|  72|0x0000000086a00000, 0x0000000086a00000, 0x0000000086b00000|  0%| F|  |TAMS 0x0000000086a00000, 0x0000000086a00000| Untracked 
|  73|0x0000000086b00000, 0x0000000086b00000, 0x0000000086c00000|  0%| F|  |TAMS 0x0000000086b00000, 0x0000000086b00000| Untracked 
|  74|0x0000000086c00000, 0x0000000086c00000, 0x0000000086d00000|  0%| F|  |TAMS 0x0000000086c00000, 0x0000000086c00000| Untracked 
|  75|0x0000000086d00000, 0x0000000086d00000, 0x0000000086e00000|  0%| F|  |TAMS 0x0000000086d00000, 0x0000000086d00000| Untracked 
|  76|0x0000000086e00000, 0x0000000086e00000, 0x0000000086f00000|  0%| F|  |TAMS 0x0000000086e00000, 0x0000000086e00000| Untracked 
|  77|0x0000000086f00000, 0x0000000086f00000, 0x0000000087000000|  0%| F|  |TAMS 0x0000000086f00000, 0x0000000086f00000| Untracked 
|  78|0x0000000087000000, 0x0000000087000000, 0x0000000087100000|  0%| F|  |TAMS 0x0000000087000000, 0x0000000087000000| Untracked 
|  79|0x0000000087100000, 0x0000000087100000, 0x0000000087200000|  0%| F|  |TAMS 0x0000000087100000, 0x0000000087100000| Untracked 
|  80|0x0000000087200000, 0x0000000087200000, 0x0000000087300000|  0%| F|  |TAMS 0x0000000087200000, 0x0000000087200000| Untracked 
|  81|0x0000000087300000, 0x0000000087300000, 0x0000000087400000|  0%| F|  |TAMS 0x0000000087300000, 0x0000000087300000| Untracked 
|  82|0x0000000087400000, 0x0000000087400000, 0x0000000087500000|  0%| F|  |TAMS 0x0000000087400000, 0x0000000087400000| Untracked 
|  83|0x0000000087500000, 0x0000000087500000, 0x0000000087600000|  0%| F|  |TAMS 0x0000000087500000, 0x0000000087500000| Untracked 
|  84|0x0000000087600000, 0x0000000087600000, 0x0000000087700000|  0%| F|  |TAMS 0x0000000087600000, 0x0000000087600000| Untracked 
|  85|0x0000000087700000, 0x0000000087700000, 0x0000000087800000|  0%| F|  |TAMS 0x0000000087700000, 0x0000000087700000| Untracked 
|  86|0x0000000087800000, 0x0000000087800000, 0x0000000087900000|  0%| F|  |TAMS 0x0000000087800000, 0x0000000087800000| Untracked 
|  87|0x0000000087900000, 0x0000000087900000, 0x0000000087a00000|  0%| F|  |TAMS 0x0000000087900000, 0x0000000087900000| Untracked 
|  88|0x0000000087a00000, 0x0000000087a00000, 0x0000000087b00000|  0%| F|  |TAMS 0x0000000087a00000, 0x0000000087a00000| Untracked 
|  89|0x0000000087b00000, 0x0000000087b00000, 0x0000000087c00000|  0%| F|  |TAMS 0x0000000087b00000, 0x0000000087b00000| Untracked 
|  90|0x0000000087c00000, 0x0000000087c00000, 0x0000000087d00000|  0%| F|  |TAMS 0x0000000087c00000, 0x0000000087c00000| Untracked 
|  91|0x0000000087d00000, 0x0000000087d00000, 0x0000000087e00000|  0%| F|  |TAMS 0x0000000087d00000, 0x0000000087d00000| Untracked 
|  92|0x0000000087e00000, 0x0000000087e00000, 0x0000000087f00000|  0%| F|  |TAMS 0x0000000087e00000, 0x0000000087e00000| Untracked 
|  93|0x0000000087f00000, 0x0000000087f00000, 0x0000000088000000|  0%| F|  |TAMS 0x0000000087f00000, 0x0000000087f00000| Untracked 
|  94|0x0000000088000000, 0x0000000088000000, 0x0000000088100000|  0%| F|  |TAMS 0x0000000088000000, 0x0000000088000000| Untracked 
|  95|0x0000000088100000, 0x0000000088100000, 0x0000000088200000|  0%| F|  |TAMS 0x0000000088100000, 0x0000000088100000| Untracked 
|  96|0x0000000088200000, 0x0000000088200000, 0x0000000088300000|  0%| F|  |TAMS 0x0000000088200000, 0x0000000088200000| Untracked 
|  97|0x0000000088300000, 0x0000000088300000, 0x0000000088400000|  0%| F|  |TAMS 0x0000000088300000, 0x0000000088300000| Untracked 
|  98|0x0000000088400000, 0x0000000088400000, 0x0000000088500000|  0%| F|  |TAMS 0x0000000088400000, 0x0000000088400000| Untracked 
|  99|0x0000000088500000, 0x0000000088500000, 0x0000000088600000|  0%| F|  |TAMS 0x0000000088500000, 0x0000000088500000| Untracked 
| 100|0x0000000088600000, 0x0000000088600000, 0x0000000088700000|  0%| F|  |TAMS 0x0000000088600000, 0x0000000088600000| Untracked 
| 101|0x0000000088700000, 0x0000000088700000, 0x0000000088800000|  0%| F|  |TAMS 0x0000000088700000, 0x0000000088700000| Untracked 
| 102|0x0000000088800000, 0x0000000088800000, 0x0000000088900000|  0%| F|  |TAMS 0x0000000088800000, 0x0000000088800000| Untracked 
| 103|0x0000000088900000, 0x0000000088900000, 0x0000000088a00000|  0%| F|  |TAMS 0x0000000088900000, 0x0000000088900000| Untracked 
| 104|0x0000000088a00000, 0x0000000088a00000, 0x0000000088b00000|  0%| F|  |TAMS 0x0000000088a00000, 0x0000000088a00000| Untracked 
| 105|0x0000000088b00000, 0x0000000088b00000, 0x0000000088c00000|  0%| F|  |TAMS 0x0000000088b00000, 0x0000000088b00000| Untracked 
| 106|0x0000000088c00000, 0x0000000088c00000, 0x0000000088d00000|  0%| F|  |TAMS 0x0000000088c00000, 0x0000000088c00000| Untracked 
| 107|0x0000000088d00000, 0x0000000088d00000, 0x0000000088e00000|  0%| F|  |TAMS 0x0000000088d00000, 0x0000000088d00000| Untracked 
| 108|0x0000000088e00000, 0x0000000088e00000, 0x0000000088f00000|  0%| F|  |TAMS 0x0000000088e00000, 0x0000000088e00000| Untracked 
| 109|0x0000000088f00000, 0x0000000088f00000, 0x0000000089000000|  0%| F|  |TAMS 0x0000000088f00000, 0x0000000088f00000| Untracked 
| 110|0x0000000089000000, 0x0000000089000000, 0x0000000089100000|  0%| F|  |TAMS 0x0000000089000000, 0x0000000089000000| Untracked 
| 111|0x0000000089100000, 0x0000000089100000, 0x0000000089200000|  0%| F|  |TAMS 0x0000000089100000, 0x0000000089100000| Untracked 
| 112|0x0000000089200000, 0x0000000089200000, 0x0000000089300000|  0%| F|  |TAMS 0x0000000089200000, 0x0000000089200000| Untracked 
| 113|0x0000000089300000, 0x0000000089300000, 0x0000000089400000|  0%| F|  |TAMS 0x0000000089300000, 0x0000000089300000| Untracked 
| 114|0x0000000089400000, 0x0000000089400000, 0x0000000089500000|  0%| F|  |TAMS 0x0000000089400000, 0x0000000089400000| Untracked 
| 115|0x0000000089500000, 0x0000000089500000, 0x0000000089600000|  0%| F|  |TAMS 0x0000000089500000, 0x0000000089500000| Untracked 
| 116|0x0000000089600000, 0x0000000089643110, 0x0000000089700000| 26%| E|  |TAMS 0x0000000089600000, 0x0000000089600000| Complete 
| 117|0x0000000089700000, 0x0000000089800000, 0x0000000089800000|100%| E|CS|TAMS 0x0000000089700000, 0x0000000089700000| Complete 
| 118|0x0000000089800000, 0x0000000089900000, 0x0000000089900000|100%| E|CS|TAMS 0x0000000089800000, 0x0000000089800000| Complete 
| 119|0x0000000089900000, 0x0000000089a00000, 0x0000000089a00000|100%| E|CS|TAMS 0x0000000089900000, 0x0000000089900000| Complete 
| 120|0x0000000089a00000, 0x0000000089b00000, 0x0000000089b00000|100%| E|CS|TAMS 0x0000000089a00000, 0x0000000089a00000| Complete 
| 121|0x0000000089b00000, 0x0000000089c00000, 0x0000000089c00000|100%| E|CS|TAMS 0x0000000089b00000, 0x0000000089b00000| Complete 
| 122|0x0000000089c00000, 0x0000000089d00000, 0x0000000089d00000|100%| E|CS|TAMS 0x0000000089c00000, 0x0000000089c00000| Complete 
| 123|0x0000000089d00000, 0x0000000089e00000, 0x0000000089e00000|100%| E|CS|TAMS 0x0000000089d00000, 0x0000000089d00000| Complete 
| 124|0x0000000089e00000, 0x0000000089f00000, 0x0000000089f00000|100%| E|CS|TAMS 0x0000000089e00000, 0x0000000089e00000| Complete 
| 125|0x0000000089f00000, 0x000000008a000000, 0x000000008a000000|100%| E|CS|TAMS 0x0000000089f00000, 0x0000000089f00000| Complete 

Card table byte_map: [0x00000172250a0000,0x0000017225490000] _byte_map_base: 0x0000017224c8f000

Marking Bits (Prev, Next): (CMBitMap*) 0x0000017212643d90, (CMBitMap*) 0x0000017212643dd0
 Prev Bits: [0x0000017225880000, 0x00000172277f8000)
 Next Bits: [0x0000017227800000, 0x0000017229778000)

Polling page: 0x0000017211dc0000

Metaspace:

Usage:
  Non-class:     14.77 MB used.
      Class:      1.72 MB used.
       Both:     16.49 MB used.

Virtual space:
  Non-class space:       64.00 MB reserved,      14.88 MB ( 23%) committed,  1 nodes.
      Class space:        1.00 GB reserved,       1.81 MB ( <1%) committed,  1 nodes.
             Both:        1.06 GB reserved,      16.69 MB (  2%) committed. 

Chunk freelists:
   Non-Class:  1007.00 KB
       Class:  14.24 MB
        Both:  15.23 MB

MaxMetaspaceSize: unlimited
CompressedClassSpaceSize: 1.00 GB
Initial GC threshold: 21.00 MB
Current GC threshold: 21.00 MB
CDS: off
MetaspaceReclaimPolicy: balanced
 - commit_granule_bytes: 65536.
 - commit_granule_words: 8192.
 - virtual_space_node_default_size: 8388608.
 - enlarge_chunks_in_place: 1.
 - new_chunks_are_fully_committed: 0.
 - uncommit_free_chunks: 1.
 - use_allocation_guard: 0.
 - handle_deallocations: 1.


Internal statistics:

num_allocs_failed_limit: 0.
num_arena_births: 136.
num_arena_deaths: 0.
num_vsnodes_births: 2.
num_vsnodes_deaths: 0.
num_space_committed: 267.
num_space_uncommitted: 0.
num_chunks_returned_to_freelist: 0.
num_chunks_taken_from_freelist: 202.
num_chunk_merges: 0.
num_chunk_splits: 117.
num_chunks_enlarged: 65.
num_inconsistent_stats: 0.

CodeHeap 'non-profiled nmethods': size=120000Kb used=380Kb max_used=380Kb free=119619Kb
 bounds [0x000001721d780000, 0x000001721d9f0000, 0x0000017224cb0000]
CodeHeap 'profiled nmethods': size=120000Kb used=2262Kb max_used=2262Kb free=117737Kb
 bounds [0x0000017215cb0000, 0x0000017215f20000, 0x000001721d1e0000]
CodeHeap 'non-nmethods': size=5760Kb used=1300Kb max_used=1320Kb free=4459Kb
 bounds [0x000001721d1e0000, 0x000001721d450000, 0x000001721d780000]
 total_blobs=2000 nmethods=1363 adapters=550
 compilation: enabled
              stopped_count=0, restarted_count=0
 full_count=0

Compilation events (20 events):
Event: 4.633 Thread 0x0000017230025530 nmethod 1353 0x0000017215ee3090 code [0x0000017215ee3240, 0x0000017215ee3568]
Event: 4.647 Thread 0x0000017230025530 1354   !   3       java.awt.event.InvocationEvent::dispatch (69 bytes)
Event: 4.649 Thread 0x0000017230025530 nmethod 1354 0x0000017215ee3610 code [0x0000017215ee3800, 0x0000017215ee3e98]
Event: 4.649 Thread 0x0000017230025530 1355       3       java.awt.event.InvocationEvent::<init> (13 bytes)
Event: 4.649 Thread 0x0000017230025530 nmethod 1355 0x0000017215ee4090 code [0x0000017215ee4240, 0x0000017215ee43a8]
Event: 4.649 Thread 0x0000017230025530 1358       3       sun.java2d.marlin.Curve::ROCsq (130 bytes)
Event: 4.650 Thread 0x0000017230022c20 1359 %     4       sun.java2d.marlin.Renderer::_endRendering @ 784 (2480 bytes)
Event: 4.650 Thread 0x0000017230025530 nmethod 1358 0x0000017215ee4490 code [0x0000017215ee4640, 0x0000017215ee4818]
Event: 4.650 Thread 0x0000017230025530 1356   !   3       java.awt.event.InvocationEvent::finishedDispatching (53 bytes)
Event: 4.651 Thread 0x0000017230025530 nmethod 1356 0x0000017215ee4910 code [0x0000017215ee4ae0, 0x0000017215ee4e58]
Event: 4.651 Thread 0x0000017230025530 1357       3       java.lang.Math::cbrt (5 bytes)
Event: 4.652 Thread 0x0000017230025530 nmethod 1357 0x0000017215ee5010 code [0x0000017215ee51c0, 0x0000017215ee5328]
Event: 4.652 Thread 0x0000017230025530 1360       1       sun.awt.image.VolatileSurfaceManager::getPrimarySurfaceData (5 bytes)
Event: 4.652 Thread 0x0000017230025530 nmethod 1360 0x000001721d7de410 code [0x000001721d7de5a0, 0x000001721d7de678]
Event: 4.694 Thread 0x0000017230025530 1361       3       java.awt.Container::countComponents (10 bytes)
Event: 4.694 Thread 0x0000017230025530 nmethod 1361 0x0000017215ee5410 code [0x0000017215ee55c0, 0x0000017215ee5788]
Event: 4.694 Thread 0x0000017230025530 1362       1       javax.swing.JComponent::getBorder (5 bytes)
Event: 4.694 Thread 0x0000017230025530 nmethod 1362 0x000001721d7de710 code [0x000001721d7de8a0, 0x000001721d7de978]
Event: 4.694 Thread 0x0000017230025530 1363       1       javax.swing.JComponent::isOptimizedDrawingEnabled (2 bytes)
Event: 4.694 Thread 0x0000017230025530 nmethod 1363 0x000001721d7dea10 code [0x000001721d7deba0, 0x000001721d7dec78]

GC Heap History (0 events):
No events

Dll operation events (9 events):
Event: 0.018 Loaded shared library C:\Users\cabre\.p2\pool\plugins\org.eclipse.justj.openjdk.hotspot.jre.full.win32.x86_64_17.0.7.v20230425-1502\jre\bin\java.dll
Event: 0.216 Loaded shared library C:\Users\cabre\.p2\pool\plugins\org.eclipse.justj.openjdk.hotspot.jre.full.win32.x86_64_17.0.7.v20230425-1502\jre\bin\net.dll
Event: 0.219 Loaded shared library C:\Users\cabre\.p2\pool\plugins\org.eclipse.justj.openjdk.hotspot.jre.full.win32.x86_64_17.0.7.v20230425-1502\jre\bin\nio.dll
Event: 0.263 Loaded shared library C:\Users\cabre\.p2\pool\plugins\org.eclipse.justj.openjdk.hotspot.jre.full.win32.x86_64_17.0.7.v20230425-1502\jre\bin\zip.dll
Event: 0.342 Loaded shared library C:\Users\cabre\.p2\pool\plugins\org.eclipse.justj.openjdk.hotspot.jre.full.win32.x86_64_17.0.7.v20230425-1502\jre\bin\jimage.dll
Event: 0.369 Loaded shared library C:\Users\cabre\.p2\pool\plugins\org.eclipse.justj.openjdk.hotspot.jre.full.win32.x86_64_17.0.7.v20230425-1502\jre\bin\awt.dll
Event: 0.599 Loaded shared library C:\Users\cabre\.p2\pool\plugins\org.eclipse.justj.openjdk.hotspot.jre.full.win32.x86_64_17.0.7.v20230425-1502\jre\bin\verify.dll
Event: 0.654 Loaded shared library C:\Users\cabre\.p2\pool\plugins\org.eclipse.justj.openjdk.hotspot.jre.full.win32.x86_64_17.0.7.v20230425-1502\jre\bin\freetype.dll
Event: 0.655 Loaded shared library C:\Users\cabre\.p2\pool\plugins\org.eclipse.justj.openjdk.hotspot.jre.full.win32.x86_64_17.0.7.v20230425-1502\jre\bin\fontmanager.dll

Deoptimization events (20 events):
Event: 0.926 Thread 0x00000172300acf30 DEOPT PACKING pc=0x0000017215e03ee2 sp=0x00000037b9cfcc20
Event: 0.926 Thread 0x00000172300acf30 DEOPT UNPACKING pc=0x000001721d237143 sp=0x00000037b9cfc0b8 mode 3
Event: 1.921 Thread 0x00000172300ad400 Uncommon trap: trap_request=0xffffffc6 fr.pc=0x000001721d7beca8 relative=0x0000000000000648
Event: 1.921 Thread 0x00000172300ad400 Uncommon trap: reason=bimorphic_or_optimized_type_check action=maybe_recompile pc=0x000001721d7beca8 method=java.util.concurrent.ConcurrentHashMap.get(Ljava/lang/Object;)Ljava/lang/Object; @ 149 c2
Event: 1.921 Thread 0x00000172300ad400 DEOPT PACKING pc=0x000001721d7beca8 sp=0x00000037b9dfd160
Event: 1.921 Thread 0x00000172300ad400 DEOPT UNPACKING pc=0x000001721d2369a3 sp=0x00000037b9dfd100 mode 2
Event: 1.962 Thread 0x00000172300ad400 Uncommon trap: trap_request=0xffffffc6 fr.pc=0x000001721d7beca8 relative=0x0000000000000648
Event: 1.962 Thread 0x00000172300ad400 Uncommon trap: reason=bimorphic_or_optimized_type_check action=maybe_recompile pc=0x000001721d7beca8 method=java.util.concurrent.ConcurrentHashMap.get(Ljava/lang/Object;)Ljava/lang/Object; @ 149 c2
Event: 1.962 Thread 0x00000172300ad400 DEOPT PACKING pc=0x000001721d7beca8 sp=0x00000037b9dfd160
Event: 1.962 Thread 0x00000172300ad400 DEOPT UNPACKING pc=0x000001721d2369a3 sp=0x00000037b9dfd100 mode 2
Event: 2.008 Thread 0x00000172300ad400 Uncommon trap: trap_request=0xffffffc6 fr.pc=0x000001721d7beca8 relative=0x0000000000000648
Event: 2.008 Thread 0x00000172300ad400 Uncommon trap: reason=bimorphic_or_optimized_type_check action=maybe_recompile pc=0x000001721d7beca8 method=java.util.concurrent.ConcurrentHashMap.get(Ljava/lang/Object;)Ljava/lang/Object; @ 149 c2
Event: 2.008 Thread 0x00000172300ad400 DEOPT PACKING pc=0x000001721d7beca8 sp=0x00000037b9dfd160
Event: 2.008 Thread 0x00000172300ad400 DEOPT UNPACKING pc=0x000001721d2369a3 sp=0x00000037b9dfd100 mode 2
Event: 2.055 Thread 0x00000172300ad400 Uncommon trap: trap_request=0xffffffc6 fr.pc=0x000001721d7beca8 relative=0x0000000000000648
Event: 2.055 Thread 0x00000172300ad400 Uncommon trap: reason=bimorphic_or_optimized_type_check action=maybe_recompile pc=0x000001721d7beca8 method=java.util.concurrent.ConcurrentHashMap.get(Ljava/lang/Object;)Ljava/lang/Object; @ 149 c2
Event: 2.055 Thread 0x00000172300ad400 DEOPT PACKING pc=0x000001721d7beca8 sp=0x00000037b9dfd160
Event: 2.055 Thread 0x00000172300ad400 DEOPT UNPACKING pc=0x000001721d2369a3 sp=0x00000037b9dfd100 mode 2
Event: 2.950 Thread 0x00000172300ad400 DEOPT PACKING pc=0x0000017215e3f10d sp=0x00000037b9dfd370
Event: 2.950 Thread 0x00000172300ad400 DEOPT UNPACKING pc=0x000001721d237143 sp=0x00000037b9dfc7c0 mode 0

Classes unloaded (0 events):
No events

Classes redefined (0 events):
No events

Internal exceptions (18 events):
Event: 0.236 Thread 0x00000172125ea230 Exception <a 'java/lang/NoSuchMethodError'{0x0000000089e27190}: 'void java.lang.invoke.DirectMethodHandle$Holder.invokeVirtual(java.lang.Object, java.lang.Object)'> (0x0000000089e27190) 
thrown [s\src\hotspot\share\interpreter\linkResolver.cpp, line 759]
Event: 0.297 Thread 0x00000172125ea230 Exception <a 'java/lang/NoSuchMethodError'{0x0000000089ed4710}: 'void java.lang.invoke.DirectMethodHandle$Holder.invokeSpecial(java.lang.Object, java.lang.Object, java.lang.Object, java.lang.Object, java.lang.Object)'> (0x0000000089ed4710) 
thrown [s\src\hotspot\share\interpreter\linkResolver.cpp, line 759]
Event: 0.301 Thread 0x00000172125ea230 Exception <a 'java/lang/NoSuchMethodError'{0x0000000089ee8090}: 'java.lang.Object java.lang.invoke.DirectMethodHandle$Holder.invokeInterface(java.lang.Object, java.lang.Object)'> (0x0000000089ee8090) 
thrown [s\src\hotspot\share\interpreter\linkResolver.cpp, line 759]
Event: 0.301 Thread 0x00000172125ea230 Exception <a 'java/lang/IncompatibleClassChangeError'{0x0000000089eeb5e0}: Found class java.lang.Object, but interface was expected> (0x0000000089eeb5e0) 
thrown [s\src\hotspot\share\interpreter\linkResolver.cpp, line 826]
Event: 0.302 Thread 0x00000172125ea230 Exception <a 'java/lang/NoSuchMethodError'{0x0000000089eee3a8}: 'void java.lang.invoke.DirectMethodHandle$Holder.invokeStatic(java.lang.Object, java.lang.Object, java.lang.Object, java.lang.Object)'> (0x0000000089eee3a8) 
thrown [s\src\hotspot\share\interpreter\linkResolver.cpp, line 759]
Event: 0.350 Thread 0x00000172125ea230 Exception <a 'sun/nio/fs/WindowsException'{0x0000000089d6ded0}> (0x0000000089d6ded0) 
thrown [s\src\hotspot\share\prims\jni.cpp, line 516]
Event: 0.356 Thread 0x00000172125ea230 Exception <a 'java/lang/ClassNotFoundException'{0x0000000089d74120}: sun/awt/resources/spi/awtProvider> (0x0000000089d74120) 
thrown [s\src\hotspot\share\classfile\systemDictionary.cpp, line 256]
Event: 0.387 Thread 0x00000172125ea230 Exception <a 'java/io/FileNotFoundException'{0x0000000089dc6a08}> (0x0000000089dc6a08) 
thrown [s\src\hotspot\share\prims\jni.cpp, line 516]
Event: 0.394 Thread 0x00000172125ea230 Exception <a 'java/io/FileNotFoundException'{0x0000000089df3ba8}> (0x0000000089df3ba8) 
thrown [s\src\hotspot\share\prims\jni.cpp, line 516]
Event: 0.449 Thread 0x00000172125ea230 Exception <a 'java/lang/NoSuchMethodError'{0x0000000089c3d9d8}: 'java.lang.Object java.lang.invoke.DirectMethodHandle$Holder.invokeStaticInit(java.lang.Object)'> (0x0000000089c3d9d8) 
thrown [s\src\hotspot\share\interpreter\linkResolver.cpp, line 759]
Event: 0.499 Thread 0x00000172125ea230 Exception <a 'java/lang/NoSuchMethodError'{0x0000000089cc8c70}: 'void java.lang.invoke.DirectMethodHandle$Holder.invokeSpecial(java.lang.Object, java.lang.Object, java.lang.Object)'> (0x0000000089cc8c70) 
thrown [s\src\hotspot\share\interpreter\linkResolver.cpp, line 759]
Event: 0.510 Thread 0x00000172125ea230 Exception <a 'java/lang/NoSuchMethodError'{0x0000000089cf3038}: 'java.lang.Object java.lang.invoke.DirectMethodHandle$Holder.newInvokeSpecial(java.lang.Object, java.lang.Object, java.lang.Object, java.lang.Object, java.lang.Object)'> (0x0000000089cf3038) 
thrown [s\src\hotspot\share\interpreter\linkResolver.cpp, line 759]
Event: 0.513 Thread 0x00000172125ea230 Exception <a 'java/lang/NoSuchMethodError'{0x0000000089cfea00}: 'java.lang.Object java.lang.invoke.DirectMethodHandle$Holder.invokeStatic(java.lang.Object, int, java.lang.Object, java.lang.Object, java.lang.Object, java.lang.Object)'> (0x0000000089cfea00) 
thrown [s\src\hotspot\share\interpreter\linkResolver.cpp, line 759]
Event: 0.521 Thread 0x00000172125ea230 Exception <a 'java/lang/NoSuchMethodError'{0x0000000089b24690}: 'java.lang.Object java.lang.invoke.DirectMethodHandle$Holder.invokeStatic(java.lang.Object, int, java.lang.Object)'> (0x0000000089b24690) 
thrown [s\src\hotspot\share\interpreter\linkResolver.cpp, line 759]
Event: 0.567 Thread 0x00000172125ea230 Exception <a 'java/lang/ClassNotFoundException'{0x0000000089bdbfa8}: com/sun/swing/internal/plaf/metal/resources/spi/metalProvider> (0x0000000089bdbfa8) 
thrown [s\src\hotspot\share\classfile\systemDictionary.cpp, line 256]
Event: 0.568 Thread 0x00000172125ea230 Exception <a 'java/lang/ClassNotFoundException'{0x0000000089bdfe50}: com/sun/swing/internal/plaf/basic/resources/spi/basicProvider> (0x0000000089bdfe50) 
thrown [s\src\hotspot\share\classfile\systemDictionary.cpp, line 256]
Event: 0.877 Thread 0x00000172125ea230 Exception <a 'java/lang/NoSuchMethodError'{0x000000008989ead0}: 'void java.lang.invoke.DirectMethodHandle$Holder.invokeStaticInit(java.lang.Object)'> (0x000000008989ead0) 
thrown [s\src\hotspot\share\interpreter\linkResolver.cpp, line 759]
Event: 0.892 Thread 0x00000172125ea230 Exception <a 'sun/nio/fs/WindowsException'{0x00000000898cc6e0}> (0x00000000898cc6e0) 
thrown [s\src\hotspot\share\prims\jni.cpp, line 516]

VM Operations (16 events):
Event: 0.587 Executing VM operation: HandshakeAllThreads
Event: 0.587 Executing VM operation: HandshakeAllThreads done
Event: 0.679 Executing VM operation: HandshakeAllThreads
Event: 0.679 Executing VM operation: HandshakeAllThreads done
Event: 0.861 Executing VM operation: HandshakeAllThreads
Event: 0.861 Executing VM operation: HandshakeAllThreads done
Event: 0.948 Executing VM operation: HandshakeAllThreads
Event: 0.948 Executing VM operation: HandshakeAllThreads done
Event: 0.988 Executing VM operation: ICBufferFull
Event: 0.988 Executing VM operation: ICBufferFull done
Event: 2.002 Executing VM operation: Cleanup
Event: 2.002 Executing VM operation: Cleanup done
Event: 3.011 Executing VM operation: Cleanup
Event: 3.011 Executing VM operation: Cleanup done
Event: 4.023 Executing VM operation: Cleanup
Event: 4.023 Executing VM operation: Cleanup done

Events (20 events):
Event: 1.057 loading class java/time/temporal/TemporalAmount done
Event: 1.057 loading class java/time/Duration done
Event: 1.058 loading class java/math/BigInteger
Event: 1.059 loading class java/math/BigInteger done
Event: 1.064 loading class java/awt/Container$MouseEventTargetFilter
Event: 1.064 loading class java/awt/Container$EventTargetFilter
Event: 1.064 loading class java/awt/Container$EventTargetFilter done
Event: 1.064 loading class java/awt/Container$MouseEventTargetFilter done
Event: 1.064 loading class java/awt/LightweightDispatcher$1
Event: 1.065 loading class java/awt/LightweightDispatcher$1 done
Event: 1.065 loading class java/awt/event/AWTEventListenerProxy
Event: 1.065 loading class java/awt/event/AWTEventListenerProxy done
Event: 1.065 loading class java/awt/Toolkit$SelectiveAWTEventListener
Event: 1.065 loading class java/awt/Toolkit$SelectiveAWTEventListener done
Event: 1.065 loading class java/awt/Toolkit$ToolkitEventMulticaster
Event: 1.065 loading class java/awt/Toolkit$ToolkitEventMulticaster done
Event: 1.065 loading class java/awt/event/MouseWheelEvent
Event: 1.065 loading class java/awt/event/MouseWheelEvent done
Event: 1.568 loading class javax/swing/Timer$1
Event: 1.569 loading class javax/swing/Timer$1 done


Dynamic libraries:
0x00007ff6e6740000 - 0x00007ff6e674e000 	C:\Users\cabre\.p2\pool\plugins\org.eclipse.justj.openjdk.hotspot.jre.full.win32.x86_64_17.0.7.v20230425-1502\jre\bin\javaw.exe
0x00007ffa9f9d0000 - 0x00007ffa9fbc8000 	C:\Windows\SYSTEM32\ntdll.dll
0x00007ffa9f720000 - 0x00007ffa9f7df000 	C:\Windows\System32\KERNEL32.DLL
0x00007ffa9d310000 - 0x00007ffa9d606000 	C:\Windows\System32\KERNELBASE.dll
0x00007ffa9d930000 - 0x00007ffa9da30000 	C:\Windows\System32\ucrtbase.dll
0x00007ffa77b00000 - 0x00007ffa77b17000 	C:\Users\cabre\.p2\pool\plugins\org.eclipse.justj.openjdk.hotspot.jre.full.win32.x86_64_17.0.7.v20230425-1502\jre\bin\jli.dll
0x00007ffa9df00000 - 0x00007ffa9e09d000 	C:\Windows\System32\USER32.dll
0x00007ffa9d2e0000 - 0x00007ffa9d302000 	C:\Windows\System32\win32u.dll
0x00007ffa9eaf0000 - 0x00007ffa9eb1c000 	C:\Windows\System32\GDI32.dll
0x00007ffa9d7c0000 - 0x00007ffa9d8d5000 	C:\Windows\System32\gdi32full.dll
0x00007ffa9d0b0000 - 0x00007ffa9d14d000 	C:\Windows\System32\msvcp_win.dll
0x00007ffa77ae0000 - 0x00007ffa77af9000 	C:\Users\cabre\.p2\pool\plugins\org.eclipse.justj.openjdk.hotspot.jre.full.win32.x86_64_17.0.7.v20230425-1502\jre\bin\VCRUNTIME140.dll
0x00007ffa929c0000 - 0x00007ffa92c5a000 	C:\Windows\WinSxS\amd64_microsoft.windows.common-controls_6595b64144ccf1df_6.0.19041.1110_none_60b5254171f9507e\COMCTL32.dll
0x00007ffa9e170000 - 0x00007ffa9e20e000 	C:\Windows\System32\msvcrt.dll
0x00007ffa9de20000 - 0x00007ffa9de50000 	C:\Windows\System32\IMM32.DLL
0x00007ffa8a300000 - 0x00007ffa8a30c000 	C:\Users\cabre\.p2\pool\plugins\org.eclipse.justj.openjdk.hotspot.jre.full.win32.x86_64_17.0.7.v20230425-1502\jre\bin\vcruntime140_1.dll
0x00007ffa77a40000 - 0x00007ffa77ad1000 	C:\Users\cabre\.p2\pool\plugins\org.eclipse.justj.openjdk.hotspot.jre.full.win32.x86_64_17.0.7.v20230425-1502\jre\bin\msvcp140.dll
0x00007ffa5f430000 - 0x00007ffa60078000 	C:\Users\cabre\.p2\pool\plugins\org.eclipse.justj.openjdk.hotspot.jre.full.win32.x86_64_17.0.7.v20230425-1502\jre\bin\server\jvm.dll
0x00007ffa9e0c0000 - 0x00007ffa9e16f000 	C:\Windows\System32\ADVAPI32.dll
0x00007ffa9e350000 - 0x00007ffa9e3ec000 	C:\Windows\System32\sechost.dll
0x00007ffa9f5e0000 - 0x00007ffa9f706000 	C:\Windows\System32\RPCRT4.dll
0x00007ffa8bc60000 - 0x00007ffa8bc69000 	C:\Windows\SYSTEM32\WSOCK32.dll
0x00007ffa9e450000 - 0x00007ffa9e4bb000 	C:\Windows\System32\WS2_32.dll
0x00007ffa8e870000 - 0x00007ffa8e897000 	C:\Windows\SYSTEM32\WINMM.dll
0x00007ffa97570000 - 0x00007ffa9757a000 	C:\Windows\SYSTEM32\VERSION.dll
0x00007ffa9af60000 - 0x00007ffa9af72000 	C:\Windows\SYSTEM32\kernel.appcore.dll
0x00007ffa930e0000 - 0x00007ffa930ea000 	C:\Users\cabre\.p2\pool\plugins\org.eclipse.justj.openjdk.hotspot.jre.full.win32.x86_64_17.0.7.v20230425-1502\jre\bin\jimage.dll
0x00007ffa95ab0000 - 0x00007ffa95c94000 	C:\Windows\SYSTEM32\DBGHELP.DLL
0x00007ffa95130000 - 0x00007ffa95164000 	C:\Windows\SYSTEM32\dbgcore.DLL
0x00007ffa9d610000 - 0x00007ffa9d692000 	C:\Windows\System32\bcryptPrimitives.dll
0x00007ffa62810000 - 0x00007ffa62835000 	C:\Users\cabre\.p2\pool\plugins\org.eclipse.justj.openjdk.hotspot.jre.full.win32.x86_64_17.0.7.v20230425-1502\jre\bin\java.dll
0x00007ffa627f0000 - 0x00007ffa62808000 	C:\Users\cabre\.p2\pool\plugins\org.eclipse.justj.openjdk.hotspot.jre.full.win32.x86_64_17.0.7.v20230425-1502\jre\bin\zip.dll
0x00007ffa9ee80000 - 0x00007ffa9f5c4000 	C:\Windows\System32\SHELL32.dll
0x00007ffa9b160000 - 0x00007ffa9b8f3000 	C:\Windows\SYSTEM32\windows.storage.dll
0x00007ffa9eb20000 - 0x00007ffa9ee74000 	C:\Windows\System32\combase.dll
0x00007ffa9ca20000 - 0x00007ffa9ca4e000 	C:\Windows\SYSTEM32\Wldp.dll
0x00007ffa9de50000 - 0x00007ffa9defd000 	C:\Windows\System32\SHCORE.dll
0x00007ffa9da30000 - 0x00007ffa9da85000 	C:\Windows\System32\shlwapi.dll
0x00007ffa9cff0000 - 0x00007ffa9d00f000 	C:\Windows\SYSTEM32\profapi.dll
0x00007ffa627d0000 - 0x00007ffa627e9000 	C:\Users\cabre\.p2\pool\plugins\org.eclipse.justj.openjdk.hotspot.jre.full.win32.x86_64_17.0.7.v20230425-1502\jre\bin\net.dll
0x00007ffa94880000 - 0x00007ffa9498a000 	C:\Windows\SYSTEM32\WINHTTP.dll
0x00007ffa9c780000 - 0x00007ffa9c7ea000 	C:\Windows\system32\mswsock.dll
0x00007ffa627b0000 - 0x00007ffa627c5000 	C:\Users\cabre\.p2\pool\plugins\org.eclipse.justj.openjdk.hotspot.jre.full.win32.x86_64_17.0.7.v20230425-1502\jre\bin\nio.dll
0x00007ffa720b0000 - 0x00007ffa7223e000 	C:\Users\cabre\.p2\pool\plugins\org.eclipse.justj.openjdk.hotspot.jre.full.win32.x86_64_17.0.7.v20230425-1502\jre\bin\awt.dll
0x00007ffa9e9a0000 - 0x00007ffa9ea6d000 	C:\Windows\System32\OLEAUT32.dll
0x00007ffa9a980000 - 0x00007ffa9aa11000 	C:\Windows\SYSTEM32\apphelp.dll
0x00007ffa9ae50000 - 0x00007ffa9ae7f000 	C:\Windows\system32\DWMAPI.DLL
0x00007ffa9aa90000 - 0x00007ffa9ab2e000 	C:\Windows\system32\uxtheme.dll
0x00007ffa898e0000 - 0x00007ffa89a05000 	C:\Windows\system32\opengl32.dll
0x00007ffa93c30000 - 0x00007ffa93c5c000 	C:\Windows\SYSTEM32\GLU32.dll
0x00007ffa9dc70000 - 0x00007ffa9dd84000 	C:\Windows\System32\MSCTF.dll
0x00007ffa9db40000 - 0x00007ffa9dc6a000 	C:\Windows\System32\ole32.dll
0x00007ffa8d1e0000 - 0x00007ffa8d1f0000 	C:\Users\cabre\.p2\pool\plugins\org.eclipse.justj.openjdk.hotspot.jre.full.win32.x86_64_17.0.7.v20230425-1502\jre\bin\verify.dll
0x00007ffa779b0000 - 0x00007ffa77a36000 	C:\Users\cabre\.p2\pool\plugins\org.eclipse.justj.openjdk.hotspot.jre.full.win32.x86_64_17.0.7.v20230425-1502\jre\bin\freetype.dll
0x00007ffa71fe0000 - 0x00007ffa720a5000 	C:\Users\cabre\.p2\pool\plugins\org.eclipse.justj.openjdk.hotspot.jre.full.win32.x86_64_17.0.7.v20230425-1502\jre\bin\fontmanager.dll
0x00007ffa9da90000 - 0x00007ffa9db39000 	C:\Windows\System32\clbcatq.dll
0x00007ffa92200000 - 0x00007ffa923b4000 	C:\Windows\SYSTEM32\WindowsCodecs.dll
0x00007ffa9d150000 - 0x00007ffa9d177000 	C:\Windows\System32\bcrypt.dll
0x00007ffa818d0000 - 0x00007ffa8190e000 	C:\Windows\system32\dataexchange.dll
0x00007ffa99de0000 - 0x00007ffa99fc3000 	C:\Windows\system32\dcomp.dll
0x00007ffa999d0000 - 0x00007ffa99c33000 	C:\Windows\system32\d3d11.dll
0x00007ffa9b960000 - 0x00007ffa9ba53000 	C:\Windows\system32\dxgi.dll
0x00007ffa93ff0000 - 0x00007ffa941f7000 	C:\Windows\system32\twinapi.appcore.dll
0x00007ffa87a00000 - 0x00007ffa87af9000 	C:\Windows\SYSTEM32\textinputframework.dll
0x00007ffa9a3a0000 - 0x00007ffa9a6fe000 	C:\Windows\System32\CoreUIComponents.dll
0x00007ffa9a700000 - 0x00007ffa9a7f2000 	C:\Windows\System32\CoreMessaging.dll
0x00007ffa99c80000 - 0x00007ffa99dd4000 	C:\Windows\SYSTEM32\wintypes.dll
0x00007ffa9c1c0000 - 0x00007ffa9c1f3000 	C:\Windows\SYSTEM32\ntmarta.dll

dbghelp: loaded successfully - version: 4.0.5 - missing functions: none
symbol engine: initialized successfully - sym options: 0x614 - pdb path: .;C:\Users\cabre\.p2\pool\plugins\org.eclipse.justj.openjdk.hotspot.jre.full.win32.x86_64_17.0.7.v20230425-1502\jre\bin;C:\Windows\SYSTEM32;C:\Windows\WinSxS\amd64_microsoft.windows.common-controls_6595b64144ccf1df_6.0.19041.1110_none_60b5254171f9507e;C:\Users\cabre\.p2\pool\plugins\org.eclipse.justj.openjdk.hotspot.jre.full.win32.x86_64_17.0.7.v20230425-1502\jre\bin\server

VM Arguments:
jvm_args: -Dfile.encoding=UTF-8 --module-path=C:\Users\cabre\eclipse-workspace\ELearning\bin;C:\Users\cabre\Downloads\miglayout-4.0.jar;C:\Users\cabre\Downloads\TimingFramework-0.55.jar -XX:+ShowCodeDetailsInExceptionMessages -Djdk.module.main=ELearning 
java_command: ELearning/app.Main
java_class_path (initial): <not set>
Launcher Type: SUN_STANDARD

[Global flags]
     intx CICompilerCount                          = 3                                         {product} {ergonomic}
     uint ConcGCThreads                            = 1                                         {product} {ergonomic}
     uint G1ConcRefinementThreads                  = 4                                         {product} {ergonomic}
   size_t G1HeapRegionSize                         = 1048576                                   {product} {ergonomic}
    uintx GCDrainStackTargetSize                   = 64                                        {product} {ergonomic}
   size_t InitialHeapSize                          = 132120576                                 {product} {ergonomic}
   size_t MarkStackSize                            = 4194304                                   {product} {ergonomic}
   size_t MaxHeapSize                              = 2111832064                                {product} {ergonomic}
   size_t MaxNewSize                               = 1266679808                                {product} {ergonomic}
   size_t MinHeapDeltaBytes                        = 1048576                                   {product} {ergonomic}
   size_t MinHeapSize                              = 8388608                                   {product} {ergonomic}
    uintx NonNMethodCodeHeapSize                   = 5832780                                {pd product} {ergonomic}
    uintx NonProfiledCodeHeapSize                  = 122912730                              {pd product} {ergonomic}
    uintx ProfiledCodeHeapSize                     = 122912730                              {pd product} {ergonomic}
    uintx ReservedCodeCacheSize                    = 251658240                              {pd product} {ergonomic}
     bool SegmentedCodeCache                       = true                                      {product} {ergonomic}
     bool ShowCodeDetailsInExceptionMessages       = true                                   {manageable} {command line}
   size_t SoftMaxHeapSize                          = 2111832064                             {manageable} {ergonomic}
     bool UseCompressedClassPointers               = true                           {product lp64_product} {ergonomic}
     bool UseCompressedOops                        = true                           {product lp64_product} {ergonomic}
     bool UseG1GC                                  = true                                      {product} {ergonomic}
     bool UseLargePagesIndividualAllocation        = false                                  {pd product} {ergonomic}

Logging:
Log output configuration:
 #0: stdout all=warning uptime,level,tags
 #1: stderr all=off uptime,level,tags

Environment Variables:
PATH=C:/Users/cabre/.p2/pool/plugins/org.eclipse.justj.openjdk.hotspot.jre.full.win32.x86_64_17.0.7.v20230425-1502/jre/bin/server;C:/Users/cabre/.p2/pool/plugins/org.eclipse.justj.openjdk.hotspot.jre.full.win32.x86_64_17.0.7.v20230425-1502/jre/bin;C:\Windows\system32;C:\Windows;C:\Windows\System32\Wbem;C:\Windows\System32\WindowsPowerShell\v1.0\;C:\Windows\System32\OpenSSH\;C:\php-8.2.6;C:\Users\cabre\AppData\Local\Microsoft\WindowsApps;;C:\Users\cabre\AppData\Local\Programs\Microsoft VS Code\bin;C:\Users\cabre\eclipse\java-2023-03\eclipse;
USERNAME=cabre
OS=Windows_NT
PROCESSOR_IDENTIFIER=Intel64 Family 6 Model 78 Stepping 3, GenuineIntel
TMP=C:\Users\cabre\AppData\Local\Temp
TEMP=C:\Users\cabre\AppData\Local\Temp



---------------  S Y S T E M  ---------------

OS:
 Windows 10 , 64 bit Build 19041 (10.0.19041.3031)
OS uptime: 2 days 4:16 hours

CPU: total 4 (initial active 4) (2 cores per cpu, 2 threads per core) family 6 model 78 stepping 3 microcode 0xcc, cx8, cmov, fxsr, ht, mmx, 3dnowpref, sse, sse2, sse3, ssse3, sse4.1, sse4.2, popcnt, lzcnt, tsc, tscinvbit, avx, avx2, aes, erms, clmul, bmi1, bmi2, adx, fma, vzeroupper, clflush, clflushopt

Memory: 4k page, system-wide physical 8052M (927M free)
TotalPageFile size 32628M (AvailPageFile size 3M)
current process WorkingSet (physical memory assigned to process): 77M, peak: 78M
current process commit charge ("private bytes"): 218M, peak: 219M

vm_info: OpenJDK 64-Bit Server VM (17.0.7+7) for windows-amd64 JRE (17.0.7+7), built on Apr 18 2023 22:10:42 by "temurin" with MS VC++ 16.7 (VS2019)

END.
